2026-05-14 13:31:50,688 | [92mINFO[0m: [92mTask:
TaskConfig(db=<DB.Pinecone: 'Pinecone'>, db_config=PineconeConfig(db_label='pinecone_multitenant_int_filter_10p_ids_only_concurrent_qps_c4_30s_20260514', version='', note='', api_key=SecretStr('**********'), index_name='vdbbench-cohere-10m-768d-cosine-mt', multitenant_namespace_prefix='vdbbench_mt_'), db_case_config=EmptyDBCaseConfig(null=None), case_config=CaseConfig(case_id=<CaseType.CloudMultiTenantSearchCase: 800>, custom_case={'dataset_with_size_type': 'Large Cohere (768dim, 10M)', 'tenant_count': 1000, 'tenant_prefix': 'tenant_', 'tenant_id_width': 4, 'payload_profile': 'ids_only', 'filter_rate': 0.9}, k=50, concurrency_search_config=ConcurrencySearchConfig(num_concurrency=[4], concurrency_duration=30, concurrency_timeout=3600)), stages=['search_concurrent'], load_concurrency=0)
[0m (cli.py:787) (1325724)
2026-05-14 13:31:50,688 | [92mINFO[0m: [92mgenerated uuid for the tasks: aa8993ea988f47188f70af7870a4c4a0[0m (interface.py:73) (1325724)
2026-05-14 13:31:50,714 | INFO | DB             | CaseType     Dataset               Filter | task_label (task_runner.py:541)
2026-05-14 13:31:50,714 | INFO | -----------    | ------------ -------------------- ------- | -------    (task_runner.py:541)
2026-05-14 13:31:50,714 | INFO | Pinecone-pinecone_multitenant_int_filter_10p_ids_only_concurrent_qps_c4_30s_20260514 | Performance  Cohere-LARGE-10M         0.9 | pinecone_multitenant_int_filter_10p_ids_only_concurrent_qps_c4_30s_20260514 (task_runner.py:541)
2026-05-14 13:31:50,714 | [92mINFO[0m: [92mtask submitted: id=aa8993ea988f47188f70af7870a4c4a0, pinecone_multitenant_int_filter_10p_ids_only_concurrent_qps_c4_30s_20260514, case number: 1[0m (interface.py:248) (1325724)
2026-05-14 13:31:51,226 | [92mINFO[0m: [92m[1/1] start case: {'label': <CaseLabel.Performance: 2>, 'name': 'Cloud Multi-Tenant Search - Large Cohere (768dim, 10M), 1000 tenants', 'dataset': {'data': {'name': 'Cohere', 'size': 10000000, 'dim': 768, 'metric_type': <MetricType.COSINE: 'COSINE'>}}, 'db': 'Pinecone-pinecone_multitenant_int_filter_10p_ids_only_concurrent_qps_c4_30s_20260514'}, drop_old=False[0m (interface.py:178) (1325734)
2026-05-14 13:31:51,226 | [92mINFO[0m: [92mStarting run[0m (task_runner.py:180) (1325734)
2026-05-14 13:31:51,610 | [92mINFO[0m: [92mlocal file: /mnt/instance/vectordb_bench/dataset/cohere/cohere_large_10m/neighbors_int_90p.parquet not match with remote: assets.zilliz.com/benchmark/cohere_large_10m/neighbors_int_90p.parquet; add to downloading list[0m (data_source.py:134) (1325734)
2026-05-14 13:31:51,742 | [92mINFO[0m: [92mStart to downloading files, total count: 1[0m (data_source.py:140) (1325734)
  0%|          | 0/1 [00:00<?, ?it/s]100%|██████████| 1/1 [00:00<00:00,  6.20it/s]100%|██████████| 1/1 [00:00<00:00,  6.20it/s]
2026-05-14 13:31:51,904 | [92mINFO[0m: [92mSucceed to download all files, downloaded file count = 1[0m (data_source.py:145) (1325734)
2026-05-14 13:31:51,904 | [92mINFO[0m: [92mRead the entire file into memory: test.parquet[0m (dataset.py:400) (1325734)
2026-05-14 13:31:51,937 | [92mINFO[0m: [92mRead the entire file into memory: neighbors_int_90p.parquet[0m (dataset.py:400) (1325734)
2026-05-14 13:31:51,976 | [92mINFO[0m: [92mStart performance case[0m (task_runner.py:229) (1325734)
2026-05-14 13:31:52,496 | [92mINFO[0m: [92mStart search 30s in concurrency 4, filters: type=<FilterOp.NumGE: 'NumGE'> filter_rate=0.9 int_field='id' int_value=9000000[0m (mp_runner.py:152) (1325734)
2026-05-14 13:31:56,514 | [92mINFO[0m: [92mSyncing all process and start concurrency search, concurrency=4[0m (mp_runner.py:159) (1325734)
2026-05-14 13:32:26,727 | [92mINFO[0m: [92mSpawnProcess-1:2 search 30s: actual_dur=30.0049s, count=3941, qps in this process: 131.3452[0m (mp_runner.py:124) (1325794)
2026-05-14 13:32:26,727 | [92mINFO[0m: [92mSpawnProcess-1:3 search 30s: actual_dur=30.0032s, count=4101, qps in this process: 136.6854[0m (mp_runner.py:124) (1325797)
2026-05-14 13:32:26,728 | [92mINFO[0m: [92mSpawnProcess-1:5 search 30s: actual_dur=30.0049s, count=4057, qps in this process: 135.2112[0m (mp_runner.py:124) (1325799)
2026-05-14 13:32:26,728 | [92mINFO[0m: [92mSpawnProcess-1:4 search 30s: actual_dur=30.007s, count=3902, qps in this process: 130.0363[0m (mp_runner.py:124) (1325798)
2026-05-14 13:32:26,731 | [92mINFO[0m: [92mEnd search in concurrency 4: dur=30.21630944905337s, total_count=16001, qps=529.5485[0m (mp_runner.py:175) (1325734)
2026-05-14 13:32:27,016 | [92mINFO[0m: [92mUpdate largest qps with concurrency 4: current max_qps=529.5485[0m (mp_runner.py:179) (1325734)
2026-05-14 13:32:27,017 | [92mINFO[0m: [92mPerformance case got result: Metric(max_load_count=0, insert_duration=0.0, optimize_duration=0.0, load_duration=0.0, qps=529.5485, serial_latency_p99=0.0, serial_latency_p95=0.0, recall=0.0, ndcg=0.0, conc_num_list=[4], conc_qps_list=[529.5485], conc_latency_p99_list=[np.float64(0.039129121927544475)], conc_latency_p95_list=[np.float64(0.013292878051288426)], conc_latency_avg_list=[np.float64(0.007499167435054831)], payload_profile='ids_only', payload_estimated_bytes_per_query=1000, inserted_count=0, insert_rows_per_second=0.0, insert_completion_seconds=0.0, searchable_after_insert_seconds=0.0, indexed_after_searchable_seconds=0.0, additional_parameters={}, st_ideal_insert_duration=0, st_search_stage_list=[], st_search_time_list=[], st_max_qps_list_list=[], st_recall_list=[], st_ndcg_list=[], st_serial_latency_p99_list=[], st_serial_latency_p95_list=[], st_conc_failed_rate_list=[], st_conc_num_list_list=[], st_conc_qps_list_list=[], st_conc_latency_p99_list_list=[], st_conc_latency_p95_list_list=[], st_conc_latency_avg_list_list=[])[0m (task_runner.py:269) (1325734)
2026-05-14 13:32:27,018 | [92mINFO[0m: [92m[1/1] finish case: {'label': <CaseLabel.Performance: 2>, 'name': 'Cloud Multi-Tenant Search - Large Cohere (768dim, 10M), 1000 tenants', 'dataset': {'data': {'name': 'Cohere', 'size': 10000000, 'dim': 768, 'metric_type': <MetricType.COSINE: 'COSINE'>}}, 'db': 'Pinecone-pinecone_multitenant_int_filter_10p_ids_only_concurrent_qps_c4_30s_20260514'}, result=Metric(max_load_count=0, insert_duration=0.0, optimize_duration=0.0, load_duration=0.0, qps=529.5485, serial_latency_p99=0.0, serial_latency_p95=0.0, recall=0.0, ndcg=0.0, conc_num_list=[4], conc_qps_list=[529.5485], conc_latency_p99_list=[np.float64(0.039129121927544475)], conc_latency_p95_list=[np.float64(0.013292878051288426)], conc_latency_avg_list=[np.float64(0.007499167435054831)], payload_profile='ids_only', payload_estimated_bytes_per_query=1000, inserted_count=0, insert_rows_per_second=0.0, insert_completion_seconds=0.0, searchable_after_insert_seconds=0.0, indexed_after_searchable_seconds=0.0, additional_parameters={}, st_ideal_insert_duration=0, st_search_stage_list=[], st_search_time_list=[], st_max_qps_list_list=[], st_recall_list=[], st_ndcg_list=[], st_serial_latency_p99_list=[], st_serial_latency_p95_list=[], st_conc_failed_rate_list=[], st_conc_num_list_list=[], st_conc_qps_list_list=[], st_conc_latency_p99_list_list=[], st_conc_latency_p95_list_list=[], st_conc_latency_avg_list_list=[]), label=ResultLabel.NORMAL[0m (interface.py:180) (1325734)
2026-05-14 13:32:27,018 | INFO |Task summary: run_id=aa899, task_label=pinecone_multitenant_int_filter_10p_ids_only_concurrent_qps_c4_30s_20260514 (models.py:547)
2026-05-14 13:32:27,018 | INFO |DB       | db_label                                                                       case                                                                 label                                                                       | load_dur    qps         latency(p99)    latency(p95)    recall        max_load_count | label (models.py:547)
2026-05-14 13:32:27,018 | INFO |-------- | ------------------------------------------------------------------------------ -------------------------------------------------------------------- --------------------------------------------------------------------------- | ----------- ----------- --------------- --------------- ------------- -------------- | ----- (models.py:547)
2026-05-14 13:32:27,018 | INFO |Pinecone | pinecone_multitenant_int_filter_10p_ids_only_concurrent_qps_c4_30s_20260514    Cloud Multi-Tenant Search - Large Cohere (768dim, 10M), 1000 tenants pinecone_multitenant_int_filter_10p_ids_only_concurrent_qps_c4_30s_20260514 | 0.0         529.5485    0.0             0.0             0.0           0              | :)    (models.py:547)
2026-05-14 13:32:27,018 | [92mINFO[0m: [92mwrite results to disk /home/ubuntu/vdbbenchleadboard2/VectorDBBench/vectordb_bench/results/Pinecone/result_20260514_pinecone_multitenant_int_filter_10p_ids_only_concurrent_qps_c4_30s_20260514_pinecone.json[0m (models.py:377) (1325734)
2026-05-14 13:32:27,019 | [92mINFO[0m: [92mSuccess to finish task: label=pinecone_multitenant_int_filter_10p_ids_only_concurrent_qps_c4_30s_20260514, run_id=aa8993ea988f47188f70af7870a4c4a0[0m (interface.py:219) (1325734)
