2026-05-14 13:43:46,677 | [92mINFO[0m: [92mTask:
TaskConfig(db=<DB.Pinecone: 'Pinecone'>, db_config=PineconeConfig(db_label='pinecone_multitenant_scalar_label_filter_1p_vector_concurrent_qps_c4_30s_20260514', version='', note='', api_key=SecretStr('**********'), index_name='vdbbench-cohere-10m-768d-cosine-mt', multitenant_namespace_prefix='vdbbench_mt_'), db_case_config=EmptyDBCaseConfig(null=None), case_config=CaseConfig(case_id=<CaseType.CloudMultiTenantSearchCase: 800>, custom_case={'dataset_with_size_type': 'Large Cohere (768dim, 10M)', 'tenant_count': 1000, 'tenant_prefix': 'tenant_', 'tenant_id_width': 4, 'payload_profile': 'vector', 'label_percentage': 0.01}, k=50, concurrency_search_config=ConcurrencySearchConfig(num_concurrency=[4], concurrency_duration=30, concurrency_timeout=3600)), stages=['search_concurrent'], load_concurrency=0)
[0m (cli.py:787) (1328450)
2026-05-14 13:43:46,677 | [92mINFO[0m: [92mgenerated uuid for the tasks: b313f277df2b4dc5a3999405fb402d69[0m (interface.py:73) (1328450)
2026-05-14 13:43:46,704 | INFO | DB             | CaseType     Dataset               Filter | task_label (task_runner.py:541)
2026-05-14 13:43:46,704 | INFO | -----------    | ------------ -------------------- ------- | -------    (task_runner.py:541)
2026-05-14 13:43:46,704 | INFO | Pinecone-pinecone_multitenant_scalar_label_filter_1p_vector_concurrent_qps_c4_30s_20260514 | Performance  Cohere-LARGE-10M        0.99 | pinecone_multitenant_scalar_label_filter_1p_vector_concurrent_qps_c4_30s_20260514 (task_runner.py:541)
2026-05-14 13:43:46,704 | [92mINFO[0m: [92mtask submitted: id=b313f277df2b4dc5a3999405fb402d69, pinecone_multitenant_scalar_label_filter_1p_vector_concurrent_qps_c4_30s_20260514, case number: 1[0m (interface.py:248) (1328450)
2026-05-14 13:43:47,221 | [92mINFO[0m: [92m[1/1] start case: {'label': <CaseLabel.Performance: 2>, 'name': 'Cloud Multi-Tenant Search - Large Cohere (768dim, 10M), 1000 tenants', 'dataset': {'data': {'name': 'Cohere', 'size': 10000000, 'dim': 768, 'metric_type': <MetricType.COSINE: 'COSINE'>}}, 'db': 'Pinecone-pinecone_multitenant_scalar_label_filter_1p_vector_concurrent_qps_c4_30s_20260514'}, drop_old=False[0m (interface.py:178) (1328460)
2026-05-14 13:43:47,221 | [92mINFO[0m: [92mStarting run[0m (task_runner.py:180) (1328460)
2026-05-14 13:43:47,761 | [92mINFO[0m: [92mRead the entire file into memory: scalar_labels.parquet[0m (dataset.py:400) (1328460)
2026-05-14 13:43:47,808 | [92mINFO[0m: [92mRead the entire file into memory: test.parquet[0m (dataset.py:400) (1328460)
2026-05-14 13:43:47,835 | [92mINFO[0m: [92mRead the entire file into memory: neighbors_labels_label_1p.parquet[0m (dataset.py:400) (1328460)
2026-05-14 13:43:47,883 | [92mINFO[0m: [92mStart performance case[0m (task_runner.py:229) (1328460)
2026-05-14 13:43:48,399 | [92mINFO[0m: [92mStart search 30s in concurrency 4, filters: type=<FilterOp.StrEqual: 'Label'> filter_rate=0.99 label_field='labels' label_percentage=0.01[0m (mp_runner.py:152) (1328460)
2026-05-14 13:43:52,417 | [92mINFO[0m: [92mSyncing all process and start concurrency search, concurrency=4[0m (mp_runner.py:159) (1328460)
2026-05-14 13:44:22,630 | [92mINFO[0m: [92mSpawnProcess-1:4 search 30s: actual_dur=30.0022s, count=4247, qps in this process: 141.5563[0m (mp_runner.py:124) (1328523)
2026-05-14 13:44:22,632 | [92mINFO[0m: [92mSpawnProcess-1:2 search 30s: actual_dur=30.0037s, count=4755, qps in this process: 158.4805[0m (mp_runner.py:124) (1328519)
2026-05-14 13:44:22,632 | [92mINFO[0m: [92mSpawnProcess-1:3 search 30s: actual_dur=30.0029s, count=4317, qps in this process: 143.8861[0m (mp_runner.py:124) (1328522)
2026-05-14 13:44:22,635 | [92mINFO[0m: [92mSpawnProcess-1:5 search 30s: actual_dur=30.0064s, count=4818, qps in this process: 160.5657[0m (mp_runner.py:124) (1328524)
2026-05-14 13:44:22,637 | [92mINFO[0m: [92mEnd search in concurrency 4: dur=30.220601356006227s, total_count=18137, qps=600.1535[0m (mp_runner.py:175) (1328460)
2026-05-14 13:44:22,928 | [92mINFO[0m: [92mUpdate largest qps with concurrency 4: current max_qps=600.1535[0m (mp_runner.py:179) (1328460)
2026-05-14 13:44:22,929 | [92mINFO[0m: [92mPerformance case got result: Metric(max_load_count=0, insert_duration=0.0, optimize_duration=0.0, load_duration=0.0, qps=600.1535, serial_latency_p99=0.0, serial_latency_p95=0.0, recall=0.0, ndcg=0.0, conc_num_list=[4], conc_qps_list=[600.1535], conc_latency_p99_list=[np.float64(0.034815686894580686)], conc_latency_p95_list=[np.float64(0.009305712976492943)], conc_latency_avg_list=[np.float64(0.006615530881235992)], payload_profile='vector', payload_estimated_bytes_per_query=154600, inserted_count=0, insert_rows_per_second=0.0, insert_completion_seconds=0.0, searchable_after_insert_seconds=0.0, indexed_after_searchable_seconds=0.0, additional_parameters={}, st_ideal_insert_duration=0, st_search_stage_list=[], st_search_time_list=[], st_max_qps_list_list=[], st_recall_list=[], st_ndcg_list=[], st_serial_latency_p99_list=[], st_serial_latency_p95_list=[], st_conc_failed_rate_list=[], st_conc_num_list_list=[], st_conc_qps_list_list=[], st_conc_latency_p99_list_list=[], st_conc_latency_p95_list_list=[], st_conc_latency_avg_list_list=[])[0m (task_runner.py:269) (1328460)
2026-05-14 13:44:22,929 | [92mINFO[0m: [92m[1/1] finish case: {'label': <CaseLabel.Performance: 2>, 'name': 'Cloud Multi-Tenant Search - Large Cohere (768dim, 10M), 1000 tenants', 'dataset': {'data': {'name': 'Cohere', 'size': 10000000, 'dim': 768, 'metric_type': <MetricType.COSINE: 'COSINE'>}}, 'db': 'Pinecone-pinecone_multitenant_scalar_label_filter_1p_vector_concurrent_qps_c4_30s_20260514'}, result=Metric(max_load_count=0, insert_duration=0.0, optimize_duration=0.0, load_duration=0.0, qps=600.1535, serial_latency_p99=0.0, serial_latency_p95=0.0, recall=0.0, ndcg=0.0, conc_num_list=[4], conc_qps_list=[600.1535], conc_latency_p99_list=[np.float64(0.034815686894580686)], conc_latency_p95_list=[np.float64(0.009305712976492943)], conc_latency_avg_list=[np.float64(0.006615530881235992)], payload_profile='vector', payload_estimated_bytes_per_query=154600, inserted_count=0, insert_rows_per_second=0.0, insert_completion_seconds=0.0, searchable_after_insert_seconds=0.0, indexed_after_searchable_seconds=0.0, additional_parameters={}, st_ideal_insert_duration=0, st_search_stage_list=[], st_search_time_list=[], st_max_qps_list_list=[], st_recall_list=[], st_ndcg_list=[], st_serial_latency_p99_list=[], st_serial_latency_p95_list=[], st_conc_failed_rate_list=[], st_conc_num_list_list=[], st_conc_qps_list_list=[], st_conc_latency_p99_list_list=[], st_conc_latency_p95_list_list=[], st_conc_latency_avg_list_list=[]), label=ResultLabel.NORMAL[0m (interface.py:180) (1328460)
2026-05-14 13:44:22,929 | INFO |Task summary: run_id=b313f, task_label=pinecone_multitenant_scalar_label_filter_1p_vector_concurrent_qps_c4_30s_20260514 (models.py:547)
2026-05-14 13:44:22,929 | INFO |DB       | db_label                                                                             case                                                                 label                                                                             | load_dur    qps         latency(p99)    latency(p95)    recall        max_load_count | label (models.py:547)
2026-05-14 13:44:22,929 | INFO |-------- | ------------------------------------------------------------------------------------ -------------------------------------------------------------------- --------------------------------------------------------------------------------- | ----------- ----------- --------------- --------------- ------------- -------------- | ----- (models.py:547)
2026-05-14 13:44:22,929 | INFO |Pinecone | pinecone_multitenant_scalar_label_filter_1p_vector_concurrent_qps_c4_30s_20260514    Cloud Multi-Tenant Search - Large Cohere (768dim, 10M), 1000 tenants pinecone_multitenant_scalar_label_filter_1p_vector_concurrent_qps_c4_30s_20260514 | 0.0         600.1535    0.0             0.0             0.0           0              | :)    (models.py:547)
2026-05-14 13:44:22,929 | [92mINFO[0m: [92mwrite results to disk /home/ubuntu/vdbbenchleadboard2/VectorDBBench/vectordb_bench/results/Pinecone/result_20260514_pinecone_multitenant_scalar_label_filter_1p_vector_concurrent_qps_c4_30s_20260514_pinecone.json[0m (models.py:377) (1328460)
2026-05-14 13:44:22,930 | [92mINFO[0m: [92mSuccess to finish task: label=pinecone_multitenant_scalar_label_filter_1p_vector_concurrent_qps_c4_30s_20260514, run_id=b313f277df2b4dc5a3999405fb402d69[0m (interface.py:219) (1328460)
