2026-05-14 13:40:00,568 | [92mINFO[0m: [92mTask:
TaskConfig(db=<DB.Pinecone: 'Pinecone'>, db_config=PineconeConfig(db_label='pinecone_multitenant_int_filter_1p_vector_concurrent_qps_c4_30s_20260514', version='', note='', api_key=SecretStr('**********'), index_name='vdbbench-cohere-10m-768d-cosine-mt', multitenant_namespace_prefix='vdbbench_mt_'), db_case_config=EmptyDBCaseConfig(null=None), case_config=CaseConfig(case_id=<CaseType.CloudMultiTenantSearchCase: 800>, custom_case={'dataset_with_size_type': 'Large Cohere (768dim, 10M)', 'tenant_count': 1000, 'tenant_prefix': 'tenant_', 'tenant_id_width': 4, 'payload_profile': 'vector', 'filter_rate': 0.99}, k=50, concurrency_search_config=ConcurrencySearchConfig(num_concurrency=[4], concurrency_duration=30, concurrency_timeout=3600)), stages=['search_concurrent'], load_concurrency=0)
[0m (cli.py:787) (1327588)
2026-05-14 13:40:00,568 | [92mINFO[0m: [92mgenerated uuid for the tasks: f0c76a2a604f4a338dca2a73e0baeefa[0m (interface.py:73) (1327588)
2026-05-14 13:40:00,594 | INFO | DB             | CaseType     Dataset               Filter | task_label (task_runner.py:541)
2026-05-14 13:40:00,594 | INFO | -----------    | ------------ -------------------- ------- | -------    (task_runner.py:541)
2026-05-14 13:40:00,594 | INFO | Pinecone-pinecone_multitenant_int_filter_1p_vector_concurrent_qps_c4_30s_20260514 | Performance  Cohere-LARGE-10M        0.99 | pinecone_multitenant_int_filter_1p_vector_concurrent_qps_c4_30s_20260514 (task_runner.py:541)
2026-05-14 13:40:00,594 | [92mINFO[0m: [92mtask submitted: id=f0c76a2a604f4a338dca2a73e0baeefa, pinecone_multitenant_int_filter_1p_vector_concurrent_qps_c4_30s_20260514, case number: 1[0m (interface.py:248) (1327588)
2026-05-14 13:40:01,101 | [92mINFO[0m: [92m[1/1] start case: {'label': <CaseLabel.Performance: 2>, 'name': 'Cloud Multi-Tenant Search - Large Cohere (768dim, 10M), 1000 tenants', 'dataset': {'data': {'name': 'Cohere', 'size': 10000000, 'dim': 768, 'metric_type': <MetricType.COSINE: 'COSINE'>}}, 'db': 'Pinecone-pinecone_multitenant_int_filter_1p_vector_concurrent_qps_c4_30s_20260514'}, drop_old=False[0m (interface.py:178) (1327598)
2026-05-14 13:40:01,101 | [92mINFO[0m: [92mStarting run[0m (task_runner.py:180) (1327598)
2026-05-14 13:40:01,633 | [92mINFO[0m: [92mRead the entire file into memory: test.parquet[0m (dataset.py:400) (1327598)
2026-05-14 13:40:01,663 | [92mINFO[0m: [92mRead the entire file into memory: neighbors_int_99p.parquet[0m (dataset.py:400) (1327598)
2026-05-14 13:40:01,704 | [92mINFO[0m: [92mStart performance case[0m (task_runner.py:229) (1327598)
2026-05-14 13:40:02,269 | [92mINFO[0m: [92mStart search 30s in concurrency 4, filters: type=<FilterOp.NumGE: 'NumGE'> filter_rate=0.99 int_field='id' int_value=9900000[0m (mp_runner.py:152) (1327598)
2026-05-14 13:40:06,287 | [92mINFO[0m: [92mSyncing all process and start concurrency search, concurrency=4[0m (mp_runner.py:159) (1327598)
2026-05-14 13:40:36,490 | [92mINFO[0m: [92mSpawnProcess-1:4 search 30s: actual_dur=30.0029s, count=4350, qps in this process: 144.986[0m (mp_runner.py:124) (1327661)
2026-05-14 13:40:36,503 | [92mINFO[0m: [92mSpawnProcess-1:3 search 30s: actual_dur=30.0009s, count=4437, qps in this process: 147.8956[0m (mp_runner.py:124) (1327660)
2026-05-14 13:40:36,511 | [92mINFO[0m: [92mSpawnProcess-1:5 search 30s: actual_dur=30.0067s, count=4333, qps in this process: 144.4011[0m (mp_runner.py:124) (1327662)
2026-05-14 13:40:36,511 | [92mINFO[0m: [92mSpawnProcess-1:2 search 30s: actual_dur=30.007s, count=4162, qps in this process: 138.701[0m (mp_runner.py:124) (1327657)
2026-05-14 13:40:36,514 | [92mINFO[0m: [92mEnd search in concurrency 4: dur=30.22623737703543s, total_count=17282, qps=571.7549[0m (mp_runner.py:175) (1327598)
2026-05-14 13:40:36,789 | [92mINFO[0m: [92mUpdate largest qps with concurrency 4: current max_qps=571.7549[0m (mp_runner.py:179) (1327598)
2026-05-14 13:40:36,789 | [92mINFO[0m: [92mPerformance case got result: Metric(max_load_count=0, insert_duration=0.0, optimize_duration=0.0, load_duration=0.0, qps=571.7549, serial_latency_p99=0.0, serial_latency_p95=0.0, recall=0.0, ndcg=0.0, conc_num_list=[4], conc_qps_list=[571.7549], conc_latency_p99_list=[np.float64(0.03620320047717529)], conc_latency_p95_list=[np.float64(0.010136057983618238)], conc_latency_avg_list=[np.float64(0.006943095637225744)], payload_profile='vector', payload_estimated_bytes_per_query=154600, inserted_count=0, insert_rows_per_second=0.0, insert_completion_seconds=0.0, searchable_after_insert_seconds=0.0, indexed_after_searchable_seconds=0.0, additional_parameters={}, st_ideal_insert_duration=0, st_search_stage_list=[], st_search_time_list=[], st_max_qps_list_list=[], st_recall_list=[], st_ndcg_list=[], st_serial_latency_p99_list=[], st_serial_latency_p95_list=[], st_conc_failed_rate_list=[], st_conc_num_list_list=[], st_conc_qps_list_list=[], st_conc_latency_p99_list_list=[], st_conc_latency_p95_list_list=[], st_conc_latency_avg_list_list=[])[0m (task_runner.py:269) (1327598)
2026-05-14 13:40:36,789 | [92mINFO[0m: [92m[1/1] finish case: {'label': <CaseLabel.Performance: 2>, 'name': 'Cloud Multi-Tenant Search - Large Cohere (768dim, 10M), 1000 tenants', 'dataset': {'data': {'name': 'Cohere', 'size': 10000000, 'dim': 768, 'metric_type': <MetricType.COSINE: 'COSINE'>}}, 'db': 'Pinecone-pinecone_multitenant_int_filter_1p_vector_concurrent_qps_c4_30s_20260514'}, result=Metric(max_load_count=0, insert_duration=0.0, optimize_duration=0.0, load_duration=0.0, qps=571.7549, serial_latency_p99=0.0, serial_latency_p95=0.0, recall=0.0, ndcg=0.0, conc_num_list=[4], conc_qps_list=[571.7549], conc_latency_p99_list=[np.float64(0.03620320047717529)], conc_latency_p95_list=[np.float64(0.010136057983618238)], conc_latency_avg_list=[np.float64(0.006943095637225744)], payload_profile='vector', payload_estimated_bytes_per_query=154600, inserted_count=0, insert_rows_per_second=0.0, insert_completion_seconds=0.0, searchable_after_insert_seconds=0.0, indexed_after_searchable_seconds=0.0, additional_parameters={}, st_ideal_insert_duration=0, st_search_stage_list=[], st_search_time_list=[], st_max_qps_list_list=[], st_recall_list=[], st_ndcg_list=[], st_serial_latency_p99_list=[], st_serial_latency_p95_list=[], st_conc_failed_rate_list=[], st_conc_num_list_list=[], st_conc_qps_list_list=[], st_conc_latency_p99_list_list=[], st_conc_latency_p95_list_list=[], st_conc_latency_avg_list_list=[]), label=ResultLabel.NORMAL[0m (interface.py:180) (1327598)
2026-05-14 13:40:36,790 | INFO |Task summary: run_id=f0c76, task_label=pinecone_multitenant_int_filter_1p_vector_concurrent_qps_c4_30s_20260514 (models.py:547)
2026-05-14 13:40:36,790 | INFO |DB       | db_label                                                                    case                                                                 label                                                                    | load_dur    qps         latency(p99)    latency(p95)    recall        max_load_count | label (models.py:547)
2026-05-14 13:40:36,790 | INFO |-------- | --------------------------------------------------------------------------- -------------------------------------------------------------------- ------------------------------------------------------------------------ | ----------- ----------- --------------- --------------- ------------- -------------- | ----- (models.py:547)
2026-05-14 13:40:36,790 | INFO |Pinecone | pinecone_multitenant_int_filter_1p_vector_concurrent_qps_c4_30s_20260514    Cloud Multi-Tenant Search - Large Cohere (768dim, 10M), 1000 tenants pinecone_multitenant_int_filter_1p_vector_concurrent_qps_c4_30s_20260514 | 0.0         571.7549    0.0             0.0             0.0           0              | :)    (models.py:547)
2026-05-14 13:40:36,790 | [92mINFO[0m: [92mwrite results to disk /home/ubuntu/vdbbenchleadboard2/VectorDBBench/vectordb_bench/results/Pinecone/result_20260514_pinecone_multitenant_int_filter_1p_vector_concurrent_qps_c4_30s_20260514_pinecone.json[0m (models.py:377) (1327598)
2026-05-14 13:40:36,790 | [92mINFO[0m: [92mSuccess to finish task: label=pinecone_multitenant_int_filter_1p_vector_concurrent_qps_c4_30s_20260514, run_id=f0c76a2a604f4a338dca2a73e0baeefa[0m (interface.py:219) (1327598)
