2026-05-14 13:33:43,734 | [92mINFO[0m: [92mTask:
TaskConfig(db=<DB.Pinecone: 'Pinecone'>, db_config=PineconeConfig(db_label='pinecone_multitenant_scalar_label_filter_0_2p_ids_only_concurrent_qps_c4_30s_20260514', version='', note='', api_key=SecretStr('**********'), index_name='vdbbench-cohere-10m-768d-cosine-mt', multitenant_namespace_prefix='vdbbench_mt_'), db_case_config=EmptyDBCaseConfig(null=None), case_config=CaseConfig(case_id=<CaseType.CloudMultiTenantSearchCase: 800>, custom_case={'dataset_with_size_type': 'Large Cohere (768dim, 10M)', 'tenant_count': 1000, 'tenant_prefix': 'tenant_', 'tenant_id_width': 4, 'payload_profile': 'ids_only', 'label_percentage': 0.002}, k=50, concurrency_search_config=ConcurrencySearchConfig(num_concurrency=[4], concurrency_duration=30, concurrency_timeout=3600)), stages=['search_concurrent'], load_concurrency=0)
[0m (cli.py:787) (1326154)
2026-05-14 13:33:43,734 | [92mINFO[0m: [92mgenerated uuid for the tasks: bd00674be03e4b8dae8b7da7b05adbf8[0m (interface.py:73) (1326154)
2026-05-14 13:33:43,760 | INFO | DB             | CaseType     Dataset               Filter | task_label (task_runner.py:541)
2026-05-14 13:33:43,760 | INFO | -----------    | ------------ -------------------- ------- | -------    (task_runner.py:541)
2026-05-14 13:33:43,761 | INFO | Pinecone-pinecone_multitenant_scalar_label_filter_0_2p_ids_only_concurrent_qps_c4_30s_20260514 | Performance  Cohere-LARGE-10M       0.998 | pinecone_multitenant_scalar_label_filter_0_2p_ids_only_concurrent_qps_c4_30s_20260514 (task_runner.py:541)
2026-05-14 13:33:43,761 | [92mINFO[0m: [92mtask submitted: id=bd00674be03e4b8dae8b7da7b05adbf8, pinecone_multitenant_scalar_label_filter_0_2p_ids_only_concurrent_qps_c4_30s_20260514, case number: 1[0m (interface.py:248) (1326154)
2026-05-14 13:33:44,269 | [92mINFO[0m: [92m[1/1] start case: {'label': <CaseLabel.Performance: 2>, 'name': 'Cloud Multi-Tenant Search - Large Cohere (768dim, 10M), 1000 tenants', 'dataset': {'data': {'name': 'Cohere', 'size': 10000000, 'dim': 768, 'metric_type': <MetricType.COSINE: 'COSINE'>}}, 'db': 'Pinecone-pinecone_multitenant_scalar_label_filter_0_2p_ids_only_concurrent_qps_c4_30s_20260514'}, drop_old=False[0m (interface.py:178) (1326164)
2026-05-14 13:33:44,270 | [92mINFO[0m: [92mStarting run[0m (task_runner.py:180) (1326164)
2026-05-14 13:33:44,668 | [92mINFO[0m: [92mlocal file: /mnt/instance/vectordb_bench/dataset/cohere/cohere_large_10m/neighbors_labels_label_0.2p.parquet not match with remote: assets.zilliz.com/benchmark/cohere_large_10m/neighbors_labels_label_0.2p.parquet; add to downloading list[0m (data_source.py:134) (1326164)
2026-05-14 13:33:44,799 | [92mINFO[0m: [92mStart to downloading files, total count: 1[0m (data_source.py:140) (1326164)
  0%|          | 0/1 [00:00<?, ?it/s]100%|██████████| 1/1 [00:00<00:00,  4.73it/s]100%|██████████| 1/1 [00:00<00:00,  4.72it/s]
2026-05-14 13:33:45,012 | [92mINFO[0m: [92mSucceed to download all files, downloaded file count = 1[0m (data_source.py:145) (1326164)
2026-05-14 13:33:45,012 | [92mINFO[0m: [92mRead the entire file into memory: scalar_labels.parquet[0m (dataset.py:400) (1326164)
2026-05-14 13:33:45,052 | [92mINFO[0m: [92mRead the entire file into memory: test.parquet[0m (dataset.py:400) (1326164)
2026-05-14 13:33:45,081 | [92mINFO[0m: [92mRead the entire file into memory: neighbors_labels_label_0.2p.parquet[0m (dataset.py:400) (1326164)
2026-05-14 13:33:45,123 | [92mINFO[0m: [92mStart performance case[0m (task_runner.py:229) (1326164)
2026-05-14 13:33:45,643 | [92mINFO[0m: [92mStart search 30s in concurrency 4, filters: type=<FilterOp.StrEqual: 'Label'> filter_rate=0.998 label_field='labels' label_percentage=0.002[0m (mp_runner.py:152) (1326164)
2026-05-14 13:33:49,661 | [92mINFO[0m: [92mSyncing all process and start concurrency search, concurrency=4[0m (mp_runner.py:159) (1326164)
2026-05-14 13:34:19,877 | [92mINFO[0m: [92mSpawnProcess-1:5 search 30s: actual_dur=30.0034s, count=4552, qps in this process: 151.7161[0m (mp_runner.py:124) (1326229)
2026-05-14 13:34:19,878 | [92mINFO[0m: [92mSpawnProcess-1:3 search 30s: actual_dur=30.0058s, count=4144, qps in this process: 138.1066[0m (mp_runner.py:124) (1326227)
2026-05-14 13:34:19,881 | [92mINFO[0m: [92mSpawnProcess-1:4 search 30s: actual_dur=30.0081s, count=4064, qps in this process: 135.4301[0m (mp_runner.py:124) (1326228)
2026-05-14 13:34:19,889 | [92mINFO[0m: [92mSpawnProcess-1:2 search 30s: actual_dur=30.0138s, count=4167, qps in this process: 138.8361[0m (mp_runner.py:124) (1326224)
2026-05-14 13:34:19,892 | [92mINFO[0m: [92mEnd search in concurrency 4: dur=30.22994186996948s, total_count=16927, qps=559.9415[0m (mp_runner.py:175) (1326164)
2026-05-14 13:34:20,171 | [92mINFO[0m: [92mUpdate largest qps with concurrency 4: current max_qps=559.9415[0m (mp_runner.py:179) (1326164)
2026-05-14 13:34:20,172 | [92mINFO[0m: [92mPerformance case got result: Metric(max_load_count=0, insert_duration=0.0, optimize_duration=0.0, load_duration=0.0, qps=559.9415, serial_latency_p99=0.0, serial_latency_p95=0.0, recall=0.0, ndcg=0.0, conc_num_list=[4], conc_qps_list=[559.9415], conc_latency_p99_list=[np.float64(0.030574699535500273)], conc_latency_p95_list=[np.float64(0.0102023929473944)], conc_latency_avg_list=[np.float64(0.007089560441569914)], payload_profile='ids_only', payload_estimated_bytes_per_query=1000, inserted_count=0, insert_rows_per_second=0.0, insert_completion_seconds=0.0, searchable_after_insert_seconds=0.0, indexed_after_searchable_seconds=0.0, additional_parameters={}, st_ideal_insert_duration=0, st_search_stage_list=[], st_search_time_list=[], st_max_qps_list_list=[], st_recall_list=[], st_ndcg_list=[], st_serial_latency_p99_list=[], st_serial_latency_p95_list=[], st_conc_failed_rate_list=[], st_conc_num_list_list=[], st_conc_qps_list_list=[], st_conc_latency_p99_list_list=[], st_conc_latency_p95_list_list=[], st_conc_latency_avg_list_list=[])[0m (task_runner.py:269) (1326164)
2026-05-14 13:34:20,172 | [92mINFO[0m: [92m[1/1] finish case: {'label': <CaseLabel.Performance: 2>, 'name': 'Cloud Multi-Tenant Search - Large Cohere (768dim, 10M), 1000 tenants', 'dataset': {'data': {'name': 'Cohere', 'size': 10000000, 'dim': 768, 'metric_type': <MetricType.COSINE: 'COSINE'>}}, 'db': 'Pinecone-pinecone_multitenant_scalar_label_filter_0_2p_ids_only_concurrent_qps_c4_30s_20260514'}, result=Metric(max_load_count=0, insert_duration=0.0, optimize_duration=0.0, load_duration=0.0, qps=559.9415, serial_latency_p99=0.0, serial_latency_p95=0.0, recall=0.0, ndcg=0.0, conc_num_list=[4], conc_qps_list=[559.9415], conc_latency_p99_list=[np.float64(0.030574699535500273)], conc_latency_p95_list=[np.float64(0.0102023929473944)], conc_latency_avg_list=[np.float64(0.007089560441569914)], payload_profile='ids_only', payload_estimated_bytes_per_query=1000, inserted_count=0, insert_rows_per_second=0.0, insert_completion_seconds=0.0, searchable_after_insert_seconds=0.0, indexed_after_searchable_seconds=0.0, additional_parameters={}, st_ideal_insert_duration=0, st_search_stage_list=[], st_search_time_list=[], st_max_qps_list_list=[], st_recall_list=[], st_ndcg_list=[], st_serial_latency_p99_list=[], st_serial_latency_p95_list=[], st_conc_failed_rate_list=[], st_conc_num_list_list=[], st_conc_qps_list_list=[], st_conc_latency_p99_list_list=[], st_conc_latency_p95_list_list=[], st_conc_latency_avg_list_list=[]), label=ResultLabel.NORMAL[0m (interface.py:180) (1326164)
2026-05-14 13:34:20,172 | INFO |Task summary: run_id=bd006, task_label=pinecone_multitenant_scalar_label_filter_0_2p_ids_only_concurrent_qps_c4_30s_20260514 (models.py:547)
2026-05-14 13:34:20,172 | INFO |DB       | db_label                                                                                 case                                                                 label                                                                                 | load_dur    qps         latency(p99)    latency(p95)    recall        max_load_count | label (models.py:547)
2026-05-14 13:34:20,172 | INFO |-------- | ---------------------------------------------------------------------------------------- -------------------------------------------------------------------- ------------------------------------------------------------------------------------- | ----------- ----------- --------------- --------------- ------------- -------------- | ----- (models.py:547)
2026-05-14 13:34:20,172 | INFO |Pinecone | pinecone_multitenant_scalar_label_filter_0_2p_ids_only_concurrent_qps_c4_30s_20260514    Cloud Multi-Tenant Search - Large Cohere (768dim, 10M), 1000 tenants pinecone_multitenant_scalar_label_filter_0_2p_ids_only_concurrent_qps_c4_30s_20260514 | 0.0         559.9415    0.0             0.0             0.0           0              | :)    (models.py:547)
2026-05-14 13:34:20,172 | [92mINFO[0m: [92mwrite results to disk /home/ubuntu/vdbbenchleadboard2/VectorDBBench/vectordb_bench/results/Pinecone/result_20260514_pinecone_multitenant_scalar_label_filter_0_2p_ids_only_concurrent_qps_c4_30s_20260514_pinecone.json[0m (models.py:377) (1326164)
2026-05-14 13:34:20,173 | [92mINFO[0m: [92mSuccess to finish task: label=pinecone_multitenant_scalar_label_filter_0_2p_ids_only_concurrent_qps_c4_30s_20260514, run_id=bd00674be03e4b8dae8b7da7b05adbf8[0m (interface.py:219) (1326164)
