2026-05-14 13:30:35,331 | [92mINFO[0m: [92mTask:
TaskConfig(db=<DB.Pinecone: 'Pinecone'>, db_config=PineconeConfig(db_label='pinecone_multitenant_int_filter_0_1p_ids_only_concurrent_qps_c4_30s_20260514', version='', note='', api_key=SecretStr('**********'), index_name='vdbbench-cohere-10m-768d-cosine-mt', multitenant_namespace_prefix='vdbbench_mt_'), db_case_config=EmptyDBCaseConfig(null=None), case_config=CaseConfig(case_id=<CaseType.CloudMultiTenantSearchCase: 800>, custom_case={'dataset_with_size_type': 'Large Cohere (768dim, 10M)', 'tenant_count': 1000, 'tenant_prefix': 'tenant_', 'tenant_id_width': 4, 'payload_profile': 'ids_only', 'filter_rate': 0.999}, k=50, concurrency_search_config=ConcurrencySearchConfig(num_concurrency=[4], concurrency_duration=30, concurrency_timeout=3600)), stages=['search_concurrent'], load_concurrency=0)
[0m (cli.py:787) (1325428)
2026-05-14 13:30:35,332 | [92mINFO[0m: [92mgenerated uuid for the tasks: d119fd7679d744beb2b648b31f439b0a[0m (interface.py:73) (1325428)
2026-05-14 13:30:35,357 | INFO | DB             | CaseType     Dataset               Filter | task_label (task_runner.py:541)
2026-05-14 13:30:35,358 | INFO | -----------    | ------------ -------------------- ------- | -------    (task_runner.py:541)
2026-05-14 13:30:35,358 | INFO | Pinecone-pinecone_multitenant_int_filter_0_1p_ids_only_concurrent_qps_c4_30s_20260514 | Performance  Cohere-LARGE-10M       0.999 | pinecone_multitenant_int_filter_0_1p_ids_only_concurrent_qps_c4_30s_20260514 (task_runner.py:541)
2026-05-14 13:30:35,358 | [92mINFO[0m: [92mtask submitted: id=d119fd7679d744beb2b648b31f439b0a, pinecone_multitenant_int_filter_0_1p_ids_only_concurrent_qps_c4_30s_20260514, case number: 1[0m (interface.py:248) (1325428)
2026-05-14 13:30:35,869 | [92mINFO[0m: [92m[1/1] start case: {'label': <CaseLabel.Performance: 2>, 'name': 'Cloud Multi-Tenant Search - Large Cohere (768dim, 10M), 1000 tenants', 'dataset': {'data': {'name': 'Cohere', 'size': 10000000, 'dim': 768, 'metric_type': <MetricType.COSINE: 'COSINE'>}}, 'db': 'Pinecone-pinecone_multitenant_int_filter_0_1p_ids_only_concurrent_qps_c4_30s_20260514'}, drop_old=False[0m (interface.py:178) (1325438)
2026-05-14 13:30:35,869 | [92mINFO[0m: [92mStarting run[0m (task_runner.py:180) (1325438)
2026-05-14 13:30:36,237 | [92mINFO[0m: [92mlocal file: /mnt/instance/vectordb_bench/dataset/cohere/cohere_large_10m/neighbors_int_99.9p.parquet not match with remote: assets.zilliz.com/benchmark/cohere_large_10m/neighbors_int_99.9p.parquet; add to downloading list[0m (data_source.py:134) (1325438)
2026-05-14 13:30:36,376 | [92mINFO[0m: [92mStart to downloading files, total count: 1[0m (data_source.py:140) (1325438)
  0%|          | 0/1 [00:00<?, ?it/s]100%|██████████| 1/1 [00:00<00:00,  9.04it/s]100%|██████████| 1/1 [00:00<00:00,  9.03it/s]
2026-05-14 13:30:36,487 | [92mINFO[0m: [92mSucceed to download all files, downloaded file count = 1[0m (data_source.py:145) (1325438)
2026-05-14 13:30:36,487 | [92mINFO[0m: [92mRead the entire file into memory: test.parquet[0m (dataset.py:400) (1325438)
2026-05-14 13:30:36,519 | [92mINFO[0m: [92mRead the entire file into memory: neighbors_int_99.9p.parquet[0m (dataset.py:400) (1325438)
2026-05-14 13:30:36,554 | [92mINFO[0m: [92mStart performance case[0m (task_runner.py:229) (1325438)
2026-05-14 13:30:37,068 | [92mINFO[0m: [92mStart search 30s in concurrency 4, filters: type=<FilterOp.NumGE: 'NumGE'> filter_rate=0.999 int_field='id' int_value=9990000[0m (mp_runner.py:152) (1325438)
2026-05-14 13:30:41,086 | [92mINFO[0m: [92mSyncing all process and start concurrency search, concurrency=4[0m (mp_runner.py:159) (1325438)
2026-05-14 13:31:11,303 | [92mINFO[0m: [92mSpawnProcess-1:2 search 30s: actual_dur=30.0111s, count=3918, qps in this process: 130.5517[0m (mp_runner.py:124) (1325498)
2026-05-14 13:31:11,309 | [92mINFO[0m: [92mSpawnProcess-1:5 search 30s: actual_dur=30.0017s, count=3645, qps in this process: 121.4931[0m (mp_runner.py:124) (1325503)
2026-05-14 13:31:11,323 | [92mINFO[0m: [92mSpawnProcess-1:4 search 30s: actual_dur=30.011s, count=4237, qps in this process: 141.1816[0m (mp_runner.py:124) (1325502)
2026-05-14 13:31:11,324 | [92mINFO[0m: [92mSpawnProcess-1:3 search 30s: actual_dur=30.0041s, count=4062, qps in this process: 135.3815[0m (mp_runner.py:124) (1325501)
2026-05-14 13:31:11,327 | [92mINFO[0m: [92mEnd search in concurrency 4: dur=30.239094433025457s, total_count=15862, qps=524.5527[0m (mp_runner.py:175) (1325438)
2026-05-14 13:31:11,595 | [92mINFO[0m: [92mUpdate largest qps with concurrency 4: current max_qps=524.5527[0m (mp_runner.py:179) (1325438)
2026-05-14 13:31:11,596 | [92mINFO[0m: [92mPerformance case got result: Metric(max_load_count=0, insert_duration=0.0, optimize_duration=0.0, load_duration=0.0, qps=524.5527, serial_latency_p99=0.0, serial_latency_p95=0.0, recall=0.0, ndcg=0.0, conc_num_list=[4], conc_qps_list=[524.5527], conc_latency_p99_list=[np.float64(0.038961673816665925)], conc_latency_p95_list=[np.float64(0.0132696611166466)], conc_latency_avg_list=[np.float64(0.007565477672735232)], payload_profile='ids_only', payload_estimated_bytes_per_query=1000, inserted_count=0, insert_rows_per_second=0.0, insert_completion_seconds=0.0, searchable_after_insert_seconds=0.0, indexed_after_searchable_seconds=0.0, additional_parameters={}, st_ideal_insert_duration=0, st_search_stage_list=[], st_search_time_list=[], st_max_qps_list_list=[], st_recall_list=[], st_ndcg_list=[], st_serial_latency_p99_list=[], st_serial_latency_p95_list=[], st_conc_failed_rate_list=[], st_conc_num_list_list=[], st_conc_qps_list_list=[], st_conc_latency_p99_list_list=[], st_conc_latency_p95_list_list=[], st_conc_latency_avg_list_list=[])[0m (task_runner.py:269) (1325438)
2026-05-14 13:31:11,596 | [92mINFO[0m: [92m[1/1] finish case: {'label': <CaseLabel.Performance: 2>, 'name': 'Cloud Multi-Tenant Search - Large Cohere (768dim, 10M), 1000 tenants', 'dataset': {'data': {'name': 'Cohere', 'size': 10000000, 'dim': 768, 'metric_type': <MetricType.COSINE: 'COSINE'>}}, 'db': 'Pinecone-pinecone_multitenant_int_filter_0_1p_ids_only_concurrent_qps_c4_30s_20260514'}, result=Metric(max_load_count=0, insert_duration=0.0, optimize_duration=0.0, load_duration=0.0, qps=524.5527, serial_latency_p99=0.0, serial_latency_p95=0.0, recall=0.0, ndcg=0.0, conc_num_list=[4], conc_qps_list=[524.5527], conc_latency_p99_list=[np.float64(0.038961673816665925)], conc_latency_p95_list=[np.float64(0.0132696611166466)], conc_latency_avg_list=[np.float64(0.007565477672735232)], payload_profile='ids_only', payload_estimated_bytes_per_query=1000, inserted_count=0, insert_rows_per_second=0.0, insert_completion_seconds=0.0, searchable_after_insert_seconds=0.0, indexed_after_searchable_seconds=0.0, additional_parameters={}, st_ideal_insert_duration=0, st_search_stage_list=[], st_search_time_list=[], st_max_qps_list_list=[], st_recall_list=[], st_ndcg_list=[], st_serial_latency_p99_list=[], st_serial_latency_p95_list=[], st_conc_failed_rate_list=[], st_conc_num_list_list=[], st_conc_qps_list_list=[], st_conc_latency_p99_list_list=[], st_conc_latency_p95_list_list=[], st_conc_latency_avg_list_list=[]), label=ResultLabel.NORMAL[0m (interface.py:180) (1325438)
2026-05-14 13:31:11,596 | INFO |Task summary: run_id=d119f, task_label=pinecone_multitenant_int_filter_0_1p_ids_only_concurrent_qps_c4_30s_20260514 (models.py:547)
2026-05-14 13:31:11,596 | INFO |DB       | db_label                                                                        case                                                                 label                                                                        | load_dur    qps         latency(p99)    latency(p95)    recall        max_load_count | label (models.py:547)
2026-05-14 13:31:11,596 | INFO |-------- | ------------------------------------------------------------------------------- -------------------------------------------------------------------- ---------------------------------------------------------------------------- | ----------- ----------- --------------- --------------- ------------- -------------- | ----- (models.py:547)
2026-05-14 13:31:11,596 | INFO |Pinecone | pinecone_multitenant_int_filter_0_1p_ids_only_concurrent_qps_c4_30s_20260514    Cloud Multi-Tenant Search - Large Cohere (768dim, 10M), 1000 tenants pinecone_multitenant_int_filter_0_1p_ids_only_concurrent_qps_c4_30s_20260514 | 0.0         524.5527    0.0             0.0             0.0           0              | :)    (models.py:547)
2026-05-14 13:31:11,596 | [92mINFO[0m: [92mwrite results to disk /home/ubuntu/vdbbenchleadboard2/VectorDBBench/vectordb_bench/results/Pinecone/result_20260514_pinecone_multitenant_int_filter_0_1p_ids_only_concurrent_qps_c4_30s_20260514_pinecone.json[0m (models.py:377) (1325438)
2026-05-14 13:31:11,597 | [92mINFO[0m: [92mSuccess to finish task: label=pinecone_multitenant_int_filter_0_1p_ids_only_concurrent_qps_c4_30s_20260514, run_id=d119fd7679d744beb2b648b31f439b0a[0m (interface.py:219) (1325438)
