2026-05-14 13:46:17,479 | [92mINFO[0m: [92mTask:
TaskConfig(db=<DB.Pinecone: 'Pinecone'>, db_config=PineconeConfig(db_label='pinecone_multitenant_scalar_label_filter_20p_vector_concurrent_qps_c4_30s_20260514', version='', note='', api_key=SecretStr('**********'), index_name='vdbbench-cohere-10m-768d-cosine-mt', multitenant_namespace_prefix='vdbbench_mt_'), db_case_config=EmptyDBCaseConfig(null=None), case_config=CaseConfig(case_id=<CaseType.CloudMultiTenantSearchCase: 800>, custom_case={'dataset_with_size_type': 'Large Cohere (768dim, 10M)', 'tenant_count': 1000, 'tenant_prefix': 'tenant_', 'tenant_id_width': 4, 'payload_profile': 'vector', 'label_percentage': 0.2}, k=50, concurrency_search_config=ConcurrencySearchConfig(num_concurrency=[4], concurrency_duration=30, concurrency_timeout=3600)), stages=['search_concurrent'], load_concurrency=0)
[0m (cli.py:787) (1329027)
2026-05-14 13:46:17,479 | [92mINFO[0m: [92mgenerated uuid for the tasks: b5f75386e87f4431b82dde8f4aa87695[0m (interface.py:73) (1329027)
2026-05-14 13:46:17,505 | INFO | DB             | CaseType     Dataset               Filter | task_label (task_runner.py:541)
2026-05-14 13:46:17,505 | INFO | -----------    | ------------ -------------------- ------- | -------    (task_runner.py:541)
2026-05-14 13:46:17,505 | INFO | Pinecone-pinecone_multitenant_scalar_label_filter_20p_vector_concurrent_qps_c4_30s_20260514 | Performance  Cohere-LARGE-10M         0.8 | pinecone_multitenant_scalar_label_filter_20p_vector_concurrent_qps_c4_30s_20260514 (task_runner.py:541)
2026-05-14 13:46:17,505 | [92mINFO[0m: [92mtask submitted: id=b5f75386e87f4431b82dde8f4aa87695, pinecone_multitenant_scalar_label_filter_20p_vector_concurrent_qps_c4_30s_20260514, case number: 1[0m (interface.py:248) (1329027)
2026-05-14 13:46:18,013 | [92mINFO[0m: [92m[1/1] start case: {'label': <CaseLabel.Performance: 2>, 'name': 'Cloud Multi-Tenant Search - Large Cohere (768dim, 10M), 1000 tenants', 'dataset': {'data': {'name': 'Cohere', 'size': 10000000, 'dim': 768, 'metric_type': <MetricType.COSINE: 'COSINE'>}}, 'db': 'Pinecone-pinecone_multitenant_scalar_label_filter_20p_vector_concurrent_qps_c4_30s_20260514'}, drop_old=False[0m (interface.py:178) (1329037)
2026-05-14 13:46:18,013 | [92mINFO[0m: [92mStarting run[0m (task_runner.py:180) (1329037)
2026-05-14 13:46:18,527 | [92mINFO[0m: [92mRead the entire file into memory: scalar_labels.parquet[0m (dataset.py:400) (1329037)
2026-05-14 13:46:18,573 | [92mINFO[0m: [92mRead the entire file into memory: test.parquet[0m (dataset.py:400) (1329037)
2026-05-14 13:46:18,600 | [92mINFO[0m: [92mRead the entire file into memory: neighbors_labels_label_20p.parquet[0m (dataset.py:400) (1329037)
2026-05-14 13:46:18,648 | [92mINFO[0m: [92mStart performance case[0m (task_runner.py:229) (1329037)
2026-05-14 13:46:19,166 | [92mINFO[0m: [92mStart search 30s in concurrency 4, filters: type=<FilterOp.StrEqual: 'Label'> filter_rate=0.8 label_field='labels' label_percentage=0.2[0m (mp_runner.py:152) (1329037)
2026-05-14 13:46:23,184 | [92mINFO[0m: [92mSyncing all process and start concurrency search, concurrency=4[0m (mp_runner.py:159) (1329037)
2026-05-14 13:46:53,400 | [92mINFO[0m: [92mSpawnProcess-1:5 search 30s: actual_dur=30.0038s, count=4007, qps in this process: 133.5498[0m (mp_runner.py:124) (1329101)
2026-05-14 13:46:53,402 | [92mINFO[0m: [92mSpawnProcess-1:2 search 30s: actual_dur=30.0015s, count=3654, qps in this process: 121.7939[0m (mp_runner.py:124) (1329096)
2026-05-14 13:46:53,405 | [92mINFO[0m: [92mSpawnProcess-1:4 search 30s: actual_dur=30.0034s, count=3880, qps in this process: 129.3187[0m (mp_runner.py:124) (1329100)
2026-05-14 13:46:53,420 | [92mINFO[0m: [92mSpawnProcess-1:3 search 30s: actual_dur=30.005s, count=4094, qps in this process: 136.4439[0m (mp_runner.py:124) (1329099)
2026-05-14 13:46:53,423 | [92mINFO[0m: [92mEnd search in concurrency 4: dur=30.238035965012386s, total_count=15635, qps=517.064[0m (mp_runner.py:175) (1329037)
2026-05-14 13:46:53,695 | [92mINFO[0m: [92mUpdate largest qps with concurrency 4: current max_qps=517.064[0m (mp_runner.py:179) (1329037)
2026-05-14 13:46:53,696 | [92mINFO[0m: [92mPerformance case got result: Metric(max_load_count=0, insert_duration=0.0, optimize_duration=0.0, load_duration=0.0, qps=517.064, serial_latency_p99=0.0, serial_latency_p95=0.0, recall=0.0, ndcg=0.0, conc_num_list=[4], conc_qps_list=[517.064], conc_latency_p99_list=[np.float64(0.04437376945512365)], conc_latency_p95_list=[np.float64(0.013349091180134555)], conc_latency_avg_list=[np.float64(0.007674378078987242)], payload_profile='vector', payload_estimated_bytes_per_query=154600, inserted_count=0, insert_rows_per_second=0.0, insert_completion_seconds=0.0, searchable_after_insert_seconds=0.0, indexed_after_searchable_seconds=0.0, additional_parameters={}, st_ideal_insert_duration=0, st_search_stage_list=[], st_search_time_list=[], st_max_qps_list_list=[], st_recall_list=[], st_ndcg_list=[], st_serial_latency_p99_list=[], st_serial_latency_p95_list=[], st_conc_failed_rate_list=[], st_conc_num_list_list=[], st_conc_qps_list_list=[], st_conc_latency_p99_list_list=[], st_conc_latency_p95_list_list=[], st_conc_latency_avg_list_list=[])[0m (task_runner.py:269) (1329037)
2026-05-14 13:46:53,696 | [92mINFO[0m: [92m[1/1] finish case: {'label': <CaseLabel.Performance: 2>, 'name': 'Cloud Multi-Tenant Search - Large Cohere (768dim, 10M), 1000 tenants', 'dataset': {'data': {'name': 'Cohere', 'size': 10000000, 'dim': 768, 'metric_type': <MetricType.COSINE: 'COSINE'>}}, 'db': 'Pinecone-pinecone_multitenant_scalar_label_filter_20p_vector_concurrent_qps_c4_30s_20260514'}, result=Metric(max_load_count=0, insert_duration=0.0, optimize_duration=0.0, load_duration=0.0, qps=517.064, serial_latency_p99=0.0, serial_latency_p95=0.0, recall=0.0, ndcg=0.0, conc_num_list=[4], conc_qps_list=[517.064], conc_latency_p99_list=[np.float64(0.04437376945512365)], conc_latency_p95_list=[np.float64(0.013349091180134555)], conc_latency_avg_list=[np.float64(0.007674378078987242)], payload_profile='vector', payload_estimated_bytes_per_query=154600, inserted_count=0, insert_rows_per_second=0.0, insert_completion_seconds=0.0, searchable_after_insert_seconds=0.0, indexed_after_searchable_seconds=0.0, additional_parameters={}, st_ideal_insert_duration=0, st_search_stage_list=[], st_search_time_list=[], st_max_qps_list_list=[], st_recall_list=[], st_ndcg_list=[], st_serial_latency_p99_list=[], st_serial_latency_p95_list=[], st_conc_failed_rate_list=[], st_conc_num_list_list=[], st_conc_qps_list_list=[], st_conc_latency_p99_list_list=[], st_conc_latency_p95_list_list=[], st_conc_latency_avg_list_list=[]), label=ResultLabel.NORMAL[0m (interface.py:180) (1329037)
2026-05-14 13:46:53,696 | INFO |Task summary: run_id=b5f75, task_label=pinecone_multitenant_scalar_label_filter_20p_vector_concurrent_qps_c4_30s_20260514 (models.py:547)
2026-05-14 13:46:53,696 | INFO |DB       | db_label                                                                              case                                                                 label                                                                              | load_dur    qps        latency(p99)    latency(p95)    recall        max_load_count | label (models.py:547)
2026-05-14 13:46:53,696 | INFO |-------- | ------------------------------------------------------------------------------------- -------------------------------------------------------------------- ---------------------------------------------------------------------------------- | ----------- ---------- --------------- --------------- ------------- -------------- | ----- (models.py:547)
2026-05-14 13:46:53,696 | INFO |Pinecone | pinecone_multitenant_scalar_label_filter_20p_vector_concurrent_qps_c4_30s_20260514    Cloud Multi-Tenant Search - Large Cohere (768dim, 10M), 1000 tenants pinecone_multitenant_scalar_label_filter_20p_vector_concurrent_qps_c4_30s_20260514 | 0.0         517.064    0.0             0.0             0.0           0              | :)    (models.py:547)
2026-05-14 13:46:53,697 | [92mINFO[0m: [92mwrite results to disk /home/ubuntu/vdbbenchleadboard2/VectorDBBench/vectordb_bench/results/Pinecone/result_20260514_pinecone_multitenant_scalar_label_filter_20p_vector_concurrent_qps_c4_30s_20260514_pinecone.json[0m (models.py:377) (1329037)
2026-05-14 13:46:53,697 | [92mINFO[0m: [92mSuccess to finish task: label=pinecone_multitenant_scalar_label_filter_20p_vector_concurrent_qps_c4_30s_20260514, run_id=b5f75386e87f4431b82dde8f4aa87695[0m (interface.py:219) (1329037)
