2026-05-14 13:40:38,245 | [92mINFO[0m: [92mTask:
TaskConfig(db=<DB.Pinecone: 'Pinecone'>, db_config=PineconeConfig(db_label='pinecone_multitenant_int_filter_10p_vector_concurrent_qps_c4_30s_20260514', version='', note='', api_key=SecretStr('**********'), index_name='vdbbench-cohere-10m-768d-cosine-mt', multitenant_namespace_prefix='vdbbench_mt_'), db_case_config=EmptyDBCaseConfig(null=None), case_config=CaseConfig(case_id=<CaseType.CloudMultiTenantSearchCase: 800>, custom_case={'dataset_with_size_type': 'Large Cohere (768dim, 10M)', 'tenant_count': 1000, 'tenant_prefix': 'tenant_', 'tenant_id_width': 4, 'payload_profile': 'vector', 'filter_rate': 0.9}, k=50, concurrency_search_config=ConcurrencySearchConfig(num_concurrency=[4], concurrency_duration=30, concurrency_timeout=3600)), stages=['search_concurrent'], load_concurrency=0)
[0m (cli.py:787) (1327730)
2026-05-14 13:40:38,245 | [92mINFO[0m: [92mgenerated uuid for the tasks: d0ba879cab2c4b37900090103e2e0936[0m (interface.py:73) (1327730)
2026-05-14 13:40:38,271 | INFO | DB             | CaseType     Dataset               Filter | task_label (task_runner.py:541)
2026-05-14 13:40:38,271 | INFO | -----------    | ------------ -------------------- ------- | -------    (task_runner.py:541)
2026-05-14 13:40:38,271 | INFO | Pinecone-pinecone_multitenant_int_filter_10p_vector_concurrent_qps_c4_30s_20260514 | Performance  Cohere-LARGE-10M         0.9 | pinecone_multitenant_int_filter_10p_vector_concurrent_qps_c4_30s_20260514 (task_runner.py:541)
2026-05-14 13:40:38,271 | [92mINFO[0m: [92mtask submitted: id=d0ba879cab2c4b37900090103e2e0936, pinecone_multitenant_int_filter_10p_vector_concurrent_qps_c4_30s_20260514, case number: 1[0m (interface.py:248) (1327730)
2026-05-14 13:40:38,785 | [92mINFO[0m: [92m[1/1] start case: {'label': <CaseLabel.Performance: 2>, 'name': 'Cloud Multi-Tenant Search - Large Cohere (768dim, 10M), 1000 tenants', 'dataset': {'data': {'name': 'Cohere', 'size': 10000000, 'dim': 768, 'metric_type': <MetricType.COSINE: 'COSINE'>}}, 'db': 'Pinecone-pinecone_multitenant_int_filter_10p_vector_concurrent_qps_c4_30s_20260514'}, drop_old=False[0m (interface.py:178) (1327740)
2026-05-14 13:40:38,785 | [92mINFO[0m: [92mStarting run[0m (task_runner.py:180) (1327740)
2026-05-14 13:40:39,319 | [92mINFO[0m: [92mRead the entire file into memory: test.parquet[0m (dataset.py:400) (1327740)
2026-05-14 13:40:39,349 | [92mINFO[0m: [92mRead the entire file into memory: neighbors_int_90p.parquet[0m (dataset.py:400) (1327740)
2026-05-14 13:40:39,394 | [92mINFO[0m: [92mStart performance case[0m (task_runner.py:229) (1327740)
2026-05-14 13:40:39,909 | [92mINFO[0m: [92mStart search 30s in concurrency 4, filters: type=<FilterOp.NumGE: 'NumGE'> filter_rate=0.9 int_field='id' int_value=9000000[0m (mp_runner.py:152) (1327740)
2026-05-14 13:40:43,927 | [92mINFO[0m: [92mSyncing all process and start concurrency search, concurrency=4[0m (mp_runner.py:159) (1327740)
2026-05-14 13:41:14,135 | [92mINFO[0m: [92mSpawnProcess-1:5 search 30s: actual_dur=30.0022s, count=3875, qps in this process: 129.1572[0m (mp_runner.py:124) (1327804)
2026-05-14 13:41:14,138 | [92mINFO[0m: [92mSpawnProcess-1:3 search 30s: actual_dur=30.0041s, count=4000, qps in this process: 133.3151[0m (mp_runner.py:124) (1327802)
2026-05-14 13:41:14,147 | [92mINFO[0m: [92mSpawnProcess-1:2 search 30s: actual_dur=30.0014s, count=3701, qps in this process: 123.3609[0m (mp_runner.py:124) (1327799)
2026-05-14 13:41:14,147 | [92mINFO[0m: [92mSpawnProcess-1:4 search 30s: actual_dur=30.0036s, count=3605, qps in this process: 120.1522[0m (mp_runner.py:124) (1327803)
2026-05-14 13:41:14,149 | [92mINFO[0m: [92mEnd search in concurrency 4: dur=30.221821387065575s, total_count=15181, qps=502.3192[0m (mp_runner.py:175) (1327740)
2026-05-14 13:41:14,428 | [92mINFO[0m: [92mUpdate largest qps with concurrency 4: current max_qps=502.3192[0m (mp_runner.py:179) (1327740)
2026-05-14 13:41:14,429 | [92mINFO[0m: [92mPerformance case got result: Metric(max_load_count=0, insert_duration=0.0, optimize_duration=0.0, load_duration=0.0, qps=502.3192, serial_latency_p99=0.0, serial_latency_p95=0.0, recall=0.0, ndcg=0.0, conc_num_list=[4], conc_qps_list=[502.3192], conc_latency_p99_list=[np.float64(0.04495884738862521)], conc_latency_p95_list=[np.float64(0.01473284198436886)], conc_latency_avg_list=[np.float64(0.00790374683284525)], payload_profile='vector', payload_estimated_bytes_per_query=154600, inserted_count=0, insert_rows_per_second=0.0, insert_completion_seconds=0.0, searchable_after_insert_seconds=0.0, indexed_after_searchable_seconds=0.0, additional_parameters={}, st_ideal_insert_duration=0, st_search_stage_list=[], st_search_time_list=[], st_max_qps_list_list=[], st_recall_list=[], st_ndcg_list=[], st_serial_latency_p99_list=[], st_serial_latency_p95_list=[], st_conc_failed_rate_list=[], st_conc_num_list_list=[], st_conc_qps_list_list=[], st_conc_latency_p99_list_list=[], st_conc_latency_p95_list_list=[], st_conc_latency_avg_list_list=[])[0m (task_runner.py:269) (1327740)
2026-05-14 13:41:14,429 | [92mINFO[0m: [92m[1/1] finish case: {'label': <CaseLabel.Performance: 2>, 'name': 'Cloud Multi-Tenant Search - Large Cohere (768dim, 10M), 1000 tenants', 'dataset': {'data': {'name': 'Cohere', 'size': 10000000, 'dim': 768, 'metric_type': <MetricType.COSINE: 'COSINE'>}}, 'db': 'Pinecone-pinecone_multitenant_int_filter_10p_vector_concurrent_qps_c4_30s_20260514'}, result=Metric(max_load_count=0, insert_duration=0.0, optimize_duration=0.0, load_duration=0.0, qps=502.3192, serial_latency_p99=0.0, serial_latency_p95=0.0, recall=0.0, ndcg=0.0, conc_num_list=[4], conc_qps_list=[502.3192], conc_latency_p99_list=[np.float64(0.04495884738862521)], conc_latency_p95_list=[np.float64(0.01473284198436886)], conc_latency_avg_list=[np.float64(0.00790374683284525)], payload_profile='vector', payload_estimated_bytes_per_query=154600, inserted_count=0, insert_rows_per_second=0.0, insert_completion_seconds=0.0, searchable_after_insert_seconds=0.0, indexed_after_searchable_seconds=0.0, additional_parameters={}, st_ideal_insert_duration=0, st_search_stage_list=[], st_search_time_list=[], st_max_qps_list_list=[], st_recall_list=[], st_ndcg_list=[], st_serial_latency_p99_list=[], st_serial_latency_p95_list=[], st_conc_failed_rate_list=[], st_conc_num_list_list=[], st_conc_qps_list_list=[], st_conc_latency_p99_list_list=[], st_conc_latency_p95_list_list=[], st_conc_latency_avg_list_list=[]), label=ResultLabel.NORMAL[0m (interface.py:180) (1327740)
2026-05-14 13:41:14,429 | INFO |Task summary: run_id=d0ba8, task_label=pinecone_multitenant_int_filter_10p_vector_concurrent_qps_c4_30s_20260514 (models.py:547)
2026-05-14 13:41:14,429 | INFO |DB       | db_label                                                                     case                                                                 label                                                                     | load_dur    qps         latency(p99)    latency(p95)    recall        max_load_count | label (models.py:547)
2026-05-14 13:41:14,429 | INFO |-------- | ---------------------------------------------------------------------------- -------------------------------------------------------------------- ------------------------------------------------------------------------- | ----------- ----------- --------------- --------------- ------------- -------------- | ----- (models.py:547)
2026-05-14 13:41:14,429 | INFO |Pinecone | pinecone_multitenant_int_filter_10p_vector_concurrent_qps_c4_30s_20260514    Cloud Multi-Tenant Search - Large Cohere (768dim, 10M), 1000 tenants pinecone_multitenant_int_filter_10p_vector_concurrent_qps_c4_30s_20260514 | 0.0         502.3192    0.0             0.0             0.0           0              | :)    (models.py:547)
2026-05-14 13:41:14,429 | [92mINFO[0m: [92mwrite results to disk /home/ubuntu/vdbbenchleadboard2/VectorDBBench/vectordb_bench/results/Pinecone/result_20260514_pinecone_multitenant_int_filter_10p_vector_concurrent_qps_c4_30s_20260514_pinecone.json[0m (models.py:377) (1327740)
2026-05-14 13:41:14,430 | [92mINFO[0m: [92mSuccess to finish task: label=pinecone_multitenant_int_filter_10p_vector_concurrent_qps_c4_30s_20260514, run_id=d0ba879cab2c4b37900090103e2e0936[0m (interface.py:219) (1327740)
