2026-05-14 13:03:01,842 | [92mINFO[0m: [92mTask:
TaskConfig(db=<DB.Pinecone: 'Pinecone'>, db_config=PineconeConfig(db_label='pinecone_serverless_int_filter_10p_ids_only_concurrent_qps_c4_30s_20260514', version='', note='', api_key=SecretStr('**********'), index_name='vdbbench-laion-100m-768d-l2', multitenant_namespace_prefix='vdbbench_mt_'), db_case_config=EmptyDBCaseConfig(null=None), case_config=CaseConfig(case_id=<CaseType.CloudPayloadSearchCase: 500>, custom_case={'payload_profile': 'ids_only', 'filter_rate': 0.9}, k=100, concurrency_search_config=ConcurrencySearchConfig(num_concurrency=[4], concurrency_duration=30, concurrency_timeout=3600)), stages=['search_concurrent'], load_concurrency=0)
[0m (cli.py:787) (1321484)
2026-05-14 13:03:01,842 | [92mINFO[0m: [92mgenerated uuid for the tasks: c86352924c834554b789047cd301b00d[0m (interface.py:73) (1321484)
2026-05-14 13:03:01,870 | INFO | DB             | CaseType     Dataset               Filter | task_label (task_runner.py:541)
2026-05-14 13:03:01,870 | INFO | -----------    | ------------ -------------------- ------- | -------    (task_runner.py:541)
2026-05-14 13:03:01,870 | INFO | Pinecone-pinecone_serverless_int_filter_10p_ids_only_concurrent_qps_c4_30s_20260514 | Performance  LAION-LARGE-100M         0.9 | pinecone_serverless_int_filter_10p_ids_only_concurrent_qps_c4_30s_20260514 (task_runner.py:541)
2026-05-14 13:03:01,870 | [92mINFO[0m: [92mtask submitted: id=c86352924c834554b789047cd301b00d, pinecone_serverless_int_filter_10p_ids_only_concurrent_qps_c4_30s_20260514, case number: 1[0m (interface.py:248) (1321484)
2026-05-14 13:03:02,409 | [92mINFO[0m: [92m[1/1] start case: {'label': <CaseLabel.Performance: 2>, 'name': 'Cloud Payload Search - ids_only - LAION 100M (768dim)', 'dataset': {'data': {'name': 'LAION', 'size': 100000000, 'dim': 768, 'metric_type': <MetricType.L2: 'L2'>}}, 'db': 'Pinecone-pinecone_serverless_int_filter_10p_ids_only_concurrent_qps_c4_30s_20260514'}, drop_old=False[0m (interface.py:178) (1321494)
2026-05-14 13:03:02,410 | [92mINFO[0m: [92mStarting run[0m (task_runner.py:180) (1321494)
2026-05-14 13:03:02,943 | [92mINFO[0m: [92mRead the entire file into memory: test.parquet[0m (dataset.py:400) (1321494)
2026-05-14 13:03:02,975 | [92mINFO[0m: [92mRead the entire file into memory: neighbors_int_90p.parquet[0m (dataset.py:400) (1321494)
2026-05-14 13:03:03,019 | [92mINFO[0m: [92mStart performance case[0m (task_runner.py:229) (1321494)
2026-05-14 13:03:03,534 | [92mINFO[0m: [92mStart search 30s in concurrency 4, filters: type=<FilterOp.NumGE: 'NumGE'> filter_rate=0.9 int_field='id' int_value=90000000[0m (mp_runner.py:152) (1321494)
2026-05-14 13:03:07,554 | [92mINFO[0m: [92mSyncing all process and start concurrency search, concurrency=4[0m (mp_runner.py:159) (1321494)
2026-05-14 13:03:37,783 | [92mINFO[0m: [92mSpawnProcess-1:3 search 30s: actual_dur=30.0006s, count=32, qps in this process: 1.0666[0m (mp_runner.py:124) (1321556)
2026-05-14 13:03:37,961 | [92mINFO[0m: [92mSpawnProcess-1:5 search 30s: actual_dur=30.2058s, count=43, qps in this process: 1.4236[0m (mp_runner.py:124) (1321558)
2026-05-14 13:03:38,390 | [92mINFO[0m: [92mSpawnProcess-1:4 search 30s: actual_dur=30.6213s, count=42, qps in this process: 1.3716[0m (mp_runner.py:124) (1321557)
2026-05-14 13:03:38,430 | [92mINFO[0m: [92mSpawnProcess-1:2 search 30s: actual_dur=30.6593s, count=31, qps in this process: 1.0111[0m (mp_runner.py:124) (1321553)
2026-05-14 13:03:38,431 | [92mINFO[0m: [92mEnd search in concurrency 4: dur=30.87660159904044s, total_count=148, qps=4.7933[0m (mp_runner.py:175) (1321494)
2026-05-14 13:03:38,717 | [92mINFO[0m: [92mUpdate largest qps with concurrency 4: current max_qps=4.7933[0m (mp_runner.py:179) (1321494)
2026-05-14 13:03:38,717 | [92mINFO[0m: [92mPerformance case got result: Metric(max_load_count=0, insert_duration=0.0, optimize_duration=0.0, load_duration=0.0, qps=4.7933, serial_latency_p99=0.0, serial_latency_p95=0.0, recall=0.0, ndcg=0.0, conc_num_list=[4], conc_qps_list=[4.7933], conc_latency_p99_list=[np.float64(3.688651982971933)], conc_latency_p95_list=[np.float64(2.2306647203920877)], conc_latency_avg_list=[np.float64(0.8208413678032623)], payload_profile='ids_only', payload_estimated_bytes_per_query=2000, inserted_count=0, insert_rows_per_second=0.0, insert_completion_seconds=0.0, searchable_after_insert_seconds=0.0, indexed_after_searchable_seconds=0.0, additional_parameters={}, st_ideal_insert_duration=0, st_search_stage_list=[], st_search_time_list=[], st_max_qps_list_list=[], st_recall_list=[], st_ndcg_list=[], st_serial_latency_p99_list=[], st_serial_latency_p95_list=[], st_conc_failed_rate_list=[], st_conc_num_list_list=[], st_conc_qps_list_list=[], st_conc_latency_p99_list_list=[], st_conc_latency_p95_list_list=[], st_conc_latency_avg_list_list=[])[0m (task_runner.py:269) (1321494)
2026-05-14 13:03:38,717 | [92mINFO[0m: [92m[1/1] finish case: {'label': <CaseLabel.Performance: 2>, 'name': 'Cloud Payload Search - ids_only - LAION 100M (768dim)', 'dataset': {'data': {'name': 'LAION', 'size': 100000000, 'dim': 768, 'metric_type': <MetricType.L2: 'L2'>}}, 'db': 'Pinecone-pinecone_serverless_int_filter_10p_ids_only_concurrent_qps_c4_30s_20260514'}, result=Metric(max_load_count=0, insert_duration=0.0, optimize_duration=0.0, load_duration=0.0, qps=4.7933, serial_latency_p99=0.0, serial_latency_p95=0.0, recall=0.0, ndcg=0.0, conc_num_list=[4], conc_qps_list=[4.7933], conc_latency_p99_list=[np.float64(3.688651982971933)], conc_latency_p95_list=[np.float64(2.2306647203920877)], conc_latency_avg_list=[np.float64(0.8208413678032623)], payload_profile='ids_only', payload_estimated_bytes_per_query=2000, inserted_count=0, insert_rows_per_second=0.0, insert_completion_seconds=0.0, searchable_after_insert_seconds=0.0, indexed_after_searchable_seconds=0.0, additional_parameters={}, st_ideal_insert_duration=0, st_search_stage_list=[], st_search_time_list=[], st_max_qps_list_list=[], st_recall_list=[], st_ndcg_list=[], st_serial_latency_p99_list=[], st_serial_latency_p95_list=[], st_conc_failed_rate_list=[], st_conc_num_list_list=[], st_conc_qps_list_list=[], st_conc_latency_p99_list_list=[], st_conc_latency_p95_list_list=[], st_conc_latency_avg_list_list=[]), label=ResultLabel.NORMAL[0m (interface.py:180) (1321494)
2026-05-14 13:03:38,717 | INFO |Task summary: run_id=c8635, task_label=pinecone_serverless_int_filter_10p_ids_only_concurrent_qps_c4_30s_20260514 (models.py:547)
2026-05-14 13:03:38,718 | INFO |DB       | db_label                                                                      case                                                  label                                                                      | load_dur    qps        latency(p99)    latency(p95)    recall        max_load_count | label (models.py:547)
2026-05-14 13:03:38,718 | INFO |-------- | ----------------------------------------------------------------------------- ----------------------------------------------------- -------------------------------------------------------------------------- | ----------- ---------- --------------- --------------- ------------- -------------- | ----- (models.py:547)
2026-05-14 13:03:38,718 | INFO |Pinecone | pinecone_serverless_int_filter_10p_ids_only_concurrent_qps_c4_30s_20260514    Cloud Payload Search - ids_only - LAION 100M (768dim) pinecone_serverless_int_filter_10p_ids_only_concurrent_qps_c4_30s_20260514 | 0.0         4.7933     0.0             0.0             0.0           0              | :)    (models.py:547)
2026-05-14 13:03:38,718 | [92mINFO[0m: [92mwrite results to disk /home/ubuntu/vdbbenchleadboard2/VectorDBBench/vectordb_bench/results/Pinecone/result_20260514_pinecone_serverless_int_filter_10p_ids_only_concurrent_qps_c4_30s_20260514_pinecone.json[0m (models.py:377) (1321494)
2026-05-14 13:03:38,718 | [92mINFO[0m: [92mSuccess to finish task: label=pinecone_serverless_int_filter_10p_ids_only_concurrent_qps_c4_30s_20260514, run_id=c86352924c834554b789047cd301b00d[0m (interface.py:219) (1321494)
