2026-05-14 13:11:24,319 | [92mINFO[0m: [92mTask:
TaskConfig(db=<DB.Pinecone: 'Pinecone'>, db_config=PineconeConfig(db_label='pinecone_serverless_int_filter_1p_vector_concurrent_qps_c4_30s_20260514', version='', note='', api_key=SecretStr('**********'), index_name='vdbbench-laion-100m-768d-l2', multitenant_namespace_prefix='vdbbench_mt_'), db_case_config=EmptyDBCaseConfig(null=None), case_config=CaseConfig(case_id=<CaseType.CloudPayloadSearchCase: 500>, custom_case={'payload_profile': 'vector', 'filter_rate': 0.99}, k=100, concurrency_search_config=ConcurrencySearchConfig(num_concurrency=[4], concurrency_duration=30, concurrency_timeout=3600)), stages=['search_concurrent'], load_concurrency=0)
[0m (cli.py:787) (1323345)
2026-05-14 13:11:24,319 | [92mINFO[0m: [92mgenerated uuid for the tasks: 93af2ccced774c869316a739e127846b[0m (interface.py:73) (1323345)
2026-05-14 13:11:24,345 | INFO | DB             | CaseType     Dataset               Filter | task_label (task_runner.py:541)
2026-05-14 13:11:24,345 | INFO | -----------    | ------------ -------------------- ------- | -------    (task_runner.py:541)
2026-05-14 13:11:24,345 | INFO | Pinecone-pinecone_serverless_int_filter_1p_vector_concurrent_qps_c4_30s_20260514 | Performance  LAION-LARGE-100M        0.99 | pinecone_serverless_int_filter_1p_vector_concurrent_qps_c4_30s_20260514 (task_runner.py:541)
2026-05-14 13:11:24,345 | [92mINFO[0m: [92mtask submitted: id=93af2ccced774c869316a739e127846b, pinecone_serverless_int_filter_1p_vector_concurrent_qps_c4_30s_20260514, case number: 1[0m (interface.py:248) (1323345)
2026-05-14 13:11:24,855 | [92mINFO[0m: [92m[1/1] start case: {'label': <CaseLabel.Performance: 2>, 'name': 'Cloud Payload Search - vector - LAION 100M (768dim)', 'dataset': {'data': {'name': 'LAION', 'size': 100000000, 'dim': 768, 'metric_type': <MetricType.L2: 'L2'>}}, 'db': 'Pinecone-pinecone_serverless_int_filter_1p_vector_concurrent_qps_c4_30s_20260514'}, drop_old=False[0m (interface.py:178) (1323355)
2026-05-14 13:11:24,856 | [92mINFO[0m: [92mStarting run[0m (task_runner.py:180) (1323355)
2026-05-14 13:11:25,395 | [92mINFO[0m: [92mRead the entire file into memory: test.parquet[0m (dataset.py:400) (1323355)
2026-05-14 13:11:25,428 | [92mINFO[0m: [92mRead the entire file into memory: neighbors_int_99p.parquet[0m (dataset.py:400) (1323355)
2026-05-14 13:11:25,472 | [92mINFO[0m: [92mStart performance case[0m (task_runner.py:229) (1323355)
2026-05-14 13:11:25,983 | [92mINFO[0m: [92mStart search 30s in concurrency 4, filters: type=<FilterOp.NumGE: 'NumGE'> filter_rate=0.99 int_field='id' int_value=99000000[0m (mp_runner.py:152) (1323355)
2026-05-14 13:11:30,002 | [92mINFO[0m: [92mSyncing all process and start concurrency search, concurrency=4[0m (mp_runner.py:159) (1323355)
2026-05-14 13:12:00,288 | [92mINFO[0m: [92mSpawnProcess-1:2 search 30s: actual_dur=30.0779s, count=41, qps in this process: 1.3631[0m (mp_runner.py:124) (1323414)
2026-05-14 13:12:00,552 | [92mINFO[0m: [92mSpawnProcess-1:4 search 30s: actual_dur=30.3426s, count=34, qps in this process: 1.1205[0m (mp_runner.py:124) (1323418)
2026-05-14 13:12:01,042 | [92mINFO[0m: [92mSpawnProcess-1:3 search 30s: actual_dur=30.8305s, count=41, qps in this process: 1.3299[0m (mp_runner.py:124) (1323417)
2026-05-14 13:12:01,242 | [92mINFO[0m: [92mSpawnProcess-1:5 search 30s: actual_dur=31.0307s, count=32, qps in this process: 1.0312[0m (mp_runner.py:124) (1323419)
2026-05-14 13:12:01,243 | [92mINFO[0m: [92mEnd search in concurrency 4: dur=31.24053991306573s, total_count=148, qps=4.7374[0m (mp_runner.py:175) (1323355)
2026-05-14 13:12:01,522 | [92mINFO[0m: [92mUpdate largest qps with concurrency 4: current max_qps=4.7374[0m (mp_runner.py:179) (1323355)
2026-05-14 13:12:01,522 | [92mINFO[0m: [92mPerformance case got result: Metric(max_load_count=0, insert_duration=0.0, optimize_duration=0.0, load_duration=0.0, qps=4.7374, serial_latency_p99=0.0, serial_latency_p95=0.0, recall=0.0, ndcg=0.0, conc_num_list=[4], conc_qps_list=[4.7374], conc_latency_p99_list=[np.float64(2.660514321125811)], conc_latency_p95_list=[np.float64(2.0890473988547464)], conc_latency_avg_list=[np.float64(0.8262091586594407)], payload_profile='vector', payload_estimated_bytes_per_query=309200, inserted_count=0, insert_rows_per_second=0.0, insert_completion_seconds=0.0, searchable_after_insert_seconds=0.0, indexed_after_searchable_seconds=0.0, additional_parameters={}, st_ideal_insert_duration=0, st_search_stage_list=[], st_search_time_list=[], st_max_qps_list_list=[], st_recall_list=[], st_ndcg_list=[], st_serial_latency_p99_list=[], st_serial_latency_p95_list=[], st_conc_failed_rate_list=[], st_conc_num_list_list=[], st_conc_qps_list_list=[], st_conc_latency_p99_list_list=[], st_conc_latency_p95_list_list=[], st_conc_latency_avg_list_list=[])[0m (task_runner.py:269) (1323355)
2026-05-14 13:12:01,523 | [92mINFO[0m: [92m[1/1] finish case: {'label': <CaseLabel.Performance: 2>, 'name': 'Cloud Payload Search - vector - LAION 100M (768dim)', 'dataset': {'data': {'name': 'LAION', 'size': 100000000, 'dim': 768, 'metric_type': <MetricType.L2: 'L2'>}}, 'db': 'Pinecone-pinecone_serverless_int_filter_1p_vector_concurrent_qps_c4_30s_20260514'}, result=Metric(max_load_count=0, insert_duration=0.0, optimize_duration=0.0, load_duration=0.0, qps=4.7374, serial_latency_p99=0.0, serial_latency_p95=0.0, recall=0.0, ndcg=0.0, conc_num_list=[4], conc_qps_list=[4.7374], conc_latency_p99_list=[np.float64(2.660514321125811)], conc_latency_p95_list=[np.float64(2.0890473988547464)], conc_latency_avg_list=[np.float64(0.8262091586594407)], payload_profile='vector', payload_estimated_bytes_per_query=309200, inserted_count=0, insert_rows_per_second=0.0, insert_completion_seconds=0.0, searchable_after_insert_seconds=0.0, indexed_after_searchable_seconds=0.0, additional_parameters={}, st_ideal_insert_duration=0, st_search_stage_list=[], st_search_time_list=[], st_max_qps_list_list=[], st_recall_list=[], st_ndcg_list=[], st_serial_latency_p99_list=[], st_serial_latency_p95_list=[], st_conc_failed_rate_list=[], st_conc_num_list_list=[], st_conc_qps_list_list=[], st_conc_latency_p99_list_list=[], st_conc_latency_p95_list_list=[], st_conc_latency_avg_list_list=[]), label=ResultLabel.NORMAL[0m (interface.py:180) (1323355)
2026-05-14 13:12:01,523 | INFO |Task summary: run_id=93af2, task_label=pinecone_serverless_int_filter_1p_vector_concurrent_qps_c4_30s_20260514 (models.py:547)
2026-05-14 13:12:01,523 | INFO |DB       | db_label                                                                   case                                                label                                                                   | load_dur    qps        latency(p99)    latency(p95)    recall        max_load_count | label (models.py:547)
2026-05-14 13:12:01,523 | INFO |-------- | -------------------------------------------------------------------------- --------------------------------------------------- ----------------------------------------------------------------------- | ----------- ---------- --------------- --------------- ------------- -------------- | ----- (models.py:547)
2026-05-14 13:12:01,523 | INFO |Pinecone | pinecone_serverless_int_filter_1p_vector_concurrent_qps_c4_30s_20260514    Cloud Payload Search - vector - LAION 100M (768dim) pinecone_serverless_int_filter_1p_vector_concurrent_qps_c4_30s_20260514 | 0.0         4.7374     0.0             0.0             0.0           0              | :)    (models.py:547)
2026-05-14 13:12:01,523 | [92mINFO[0m: [92mwrite results to disk /home/ubuntu/vdbbenchleadboard2/VectorDBBench/vectordb_bench/results/Pinecone/result_20260514_pinecone_serverless_int_filter_1p_vector_concurrent_qps_c4_30s_20260514_pinecone.json[0m (models.py:377) (1323355)
2026-05-14 13:12:01,524 | [92mINFO[0m: [92mSuccess to finish task: label=pinecone_serverless_int_filter_1p_vector_concurrent_qps_c4_30s_20260514, run_id=93af2ccced774c869316a739e127846b[0m (interface.py:219) (1323355)
