2026-05-14 13:12:40,689 | [92mINFO[0m: [92mTask:
TaskConfig(db=<DB.Pinecone: 'Pinecone'>, db_config=PineconeConfig(db_label='pinecone_serverless_int_filter_50p_vector_concurrent_qps_c4_30s_20260514', version='', note='', api_key=SecretStr('**********'), index_name='vdbbench-laion-100m-768d-l2', multitenant_namespace_prefix='vdbbench_mt_'), db_case_config=EmptyDBCaseConfig(null=None), case_config=CaseConfig(case_id=<CaseType.CloudPayloadSearchCase: 500>, custom_case={'payload_profile': 'vector', 'filter_rate': 0.5}, k=100, concurrency_search_config=ConcurrencySearchConfig(num_concurrency=[4], concurrency_duration=30, concurrency_timeout=3600)), stages=['search_concurrent'], load_concurrency=0)
[0m (cli.py:787) (1323627)
2026-05-14 13:12:40,689 | [92mINFO[0m: [92mgenerated uuid for the tasks: f1b3d79e42bd491985090d49fc2835d2[0m (interface.py:73) (1323627)
2026-05-14 13:12:40,716 | INFO | DB             | CaseType     Dataset               Filter | task_label (task_runner.py:541)
2026-05-14 13:12:40,717 | INFO | -----------    | ------------ -------------------- ------- | -------    (task_runner.py:541)
2026-05-14 13:12:40,717 | INFO | Pinecone-pinecone_serverless_int_filter_50p_vector_concurrent_qps_c4_30s_20260514 | Performance  LAION-LARGE-100M         0.5 | pinecone_serverless_int_filter_50p_vector_concurrent_qps_c4_30s_20260514 (task_runner.py:541)
2026-05-14 13:12:40,717 | [92mINFO[0m: [92mtask submitted: id=f1b3d79e42bd491985090d49fc2835d2, pinecone_serverless_int_filter_50p_vector_concurrent_qps_c4_30s_20260514, case number: 1[0m (interface.py:248) (1323627)
2026-05-14 13:12:41,235 | [92mINFO[0m: [92m[1/1] start case: {'label': <CaseLabel.Performance: 2>, 'name': 'Cloud Payload Search - vector - LAION 100M (768dim)', 'dataset': {'data': {'name': 'LAION', 'size': 100000000, 'dim': 768, 'metric_type': <MetricType.L2: 'L2'>}}, 'db': 'Pinecone-pinecone_serverless_int_filter_50p_vector_concurrent_qps_c4_30s_20260514'}, drop_old=False[0m (interface.py:178) (1323637)
2026-05-14 13:12:41,235 | [92mINFO[0m: [92mStarting run[0m (task_runner.py:180) (1323637)
2026-05-14 13:12:41,756 | [92mINFO[0m: [92mRead the entire file into memory: test.parquet[0m (dataset.py:400) (1323637)
2026-05-14 13:12:41,789 | [92mINFO[0m: [92mRead the entire file into memory: neighbors_int_50p.parquet[0m (dataset.py:400) (1323637)
2026-05-14 13:12:41,832 | [92mINFO[0m: [92mStart performance case[0m (task_runner.py:229) (1323637)
2026-05-14 13:12:42,342 | [92mINFO[0m: [92mStart search 30s in concurrency 4, filters: type=<FilterOp.NumGE: 'NumGE'> filter_rate=0.5 int_field='id' int_value=50000000[0m (mp_runner.py:152) (1323637)
2026-05-14 13:12:46,362 | [92mINFO[0m: [92mSyncing all process and start concurrency search, concurrency=4[0m (mp_runner.py:159) (1323637)
2026-05-14 13:13:16,657 | [92mINFO[0m: [92mSpawnProcess-1:4 search 30s: actual_dur=30.0957s, count=40, qps in this process: 1.3291[0m (mp_runner.py:124) (1323700)
2026-05-14 13:13:16,821 | [92mINFO[0m: [92mSpawnProcess-1:2 search 30s: actual_dur=30.2598s, count=42, qps in this process: 1.388[0m (mp_runner.py:124) (1323696)
2026-05-14 13:13:16,823 | [92mINFO[0m: [92mSpawnProcess-1:5 search 30s: actual_dur=30.232s, count=38, qps in this process: 1.2569[0m (mp_runner.py:124) (1323701)
2026-05-14 13:13:17,693 | [92mINFO[0m: [92mSpawnProcess-1:3 search 30s: actual_dur=31.1227s, count=40, qps in this process: 1.2852[0m (mp_runner.py:124) (1323699)
2026-05-14 13:13:17,694 | [92mINFO[0m: [92mEnd search in concurrency 4: dur=31.331979993963614s, total_count=160, qps=5.1066[0m (mp_runner.py:175) (1323637)
2026-05-14 13:13:17,976 | [92mINFO[0m: [92mUpdate largest qps with concurrency 4: current max_qps=5.1066[0m (mp_runner.py:179) (1323637)
2026-05-14 13:13:17,976 | [92mINFO[0m: [92mPerformance case got result: Metric(max_load_count=0, insert_duration=0.0, optimize_duration=0.0, load_duration=0.0, qps=5.1066, serial_latency_p99=0.0, serial_latency_p95=0.0, recall=0.0, ndcg=0.0, conc_num_list=[4], conc_qps_list=[5.1066], conc_latency_p99_list=[np.float64(1.6863144512916914)], conc_latency_p95_list=[np.float64(1.1825846302555865)], conc_latency_avg_list=[np.float64(0.760671748740424)], payload_profile='vector', payload_estimated_bytes_per_query=309200, inserted_count=0, insert_rows_per_second=0.0, insert_completion_seconds=0.0, searchable_after_insert_seconds=0.0, indexed_after_searchable_seconds=0.0, additional_parameters={}, st_ideal_insert_duration=0, st_search_stage_list=[], st_search_time_list=[], st_max_qps_list_list=[], st_recall_list=[], st_ndcg_list=[], st_serial_latency_p99_list=[], st_serial_latency_p95_list=[], st_conc_failed_rate_list=[], st_conc_num_list_list=[], st_conc_qps_list_list=[], st_conc_latency_p99_list_list=[], st_conc_latency_p95_list_list=[], st_conc_latency_avg_list_list=[])[0m (task_runner.py:269) (1323637)
2026-05-14 13:13:17,976 | [92mINFO[0m: [92m[1/1] finish case: {'label': <CaseLabel.Performance: 2>, 'name': 'Cloud Payload Search - vector - LAION 100M (768dim)', 'dataset': {'data': {'name': 'LAION', 'size': 100000000, 'dim': 768, 'metric_type': <MetricType.L2: 'L2'>}}, 'db': 'Pinecone-pinecone_serverless_int_filter_50p_vector_concurrent_qps_c4_30s_20260514'}, result=Metric(max_load_count=0, insert_duration=0.0, optimize_duration=0.0, load_duration=0.0, qps=5.1066, serial_latency_p99=0.0, serial_latency_p95=0.0, recall=0.0, ndcg=0.0, conc_num_list=[4], conc_qps_list=[5.1066], conc_latency_p99_list=[np.float64(1.6863144512916914)], conc_latency_p95_list=[np.float64(1.1825846302555865)], conc_latency_avg_list=[np.float64(0.760671748740424)], payload_profile='vector', payload_estimated_bytes_per_query=309200, inserted_count=0, insert_rows_per_second=0.0, insert_completion_seconds=0.0, searchable_after_insert_seconds=0.0, indexed_after_searchable_seconds=0.0, additional_parameters={}, st_ideal_insert_duration=0, st_search_stage_list=[], st_search_time_list=[], st_max_qps_list_list=[], st_recall_list=[], st_ndcg_list=[], st_serial_latency_p99_list=[], st_serial_latency_p95_list=[], st_conc_failed_rate_list=[], st_conc_num_list_list=[], st_conc_qps_list_list=[], st_conc_latency_p99_list_list=[], st_conc_latency_p95_list_list=[], st_conc_latency_avg_list_list=[]), label=ResultLabel.NORMAL[0m (interface.py:180) (1323637)
2026-05-14 13:13:17,976 | INFO |Task summary: run_id=f1b3d, task_label=pinecone_serverless_int_filter_50p_vector_concurrent_qps_c4_30s_20260514 (models.py:547)
2026-05-14 13:13:17,976 | INFO |DB       | db_label                                                                    case                                                label                                                                    | load_dur    qps        latency(p99)    latency(p95)    recall        max_load_count | label (models.py:547)
2026-05-14 13:13:17,977 | INFO |-------- | --------------------------------------------------------------------------- --------------------------------------------------- ------------------------------------------------------------------------ | ----------- ---------- --------------- --------------- ------------- -------------- | ----- (models.py:547)
2026-05-14 13:13:17,977 | INFO |Pinecone | pinecone_serverless_int_filter_50p_vector_concurrent_qps_c4_30s_20260514    Cloud Payload Search - vector - LAION 100M (768dim) pinecone_serverless_int_filter_50p_vector_concurrent_qps_c4_30s_20260514 | 0.0         5.1066     0.0             0.0             0.0           0              | :)    (models.py:547)
2026-05-14 13:13:17,977 | [92mINFO[0m: [92mwrite results to disk /home/ubuntu/vdbbenchleadboard2/VectorDBBench/vectordb_bench/results/Pinecone/result_20260514_pinecone_serverless_int_filter_50p_vector_concurrent_qps_c4_30s_20260514_pinecone.json[0m (models.py:377) (1323637)
2026-05-14 13:13:17,977 | [92mINFO[0m: [92mSuccess to finish task: label=pinecone_serverless_int_filter_50p_vector_concurrent_qps_c4_30s_20260514, run_id=f1b3d79e42bd491985090d49fc2835d2[0m (interface.py:219) (1323637)
