2026-05-14 13:15:53,622 | [92mINFO[0m: [92mTask:
TaskConfig(db=<DB.Pinecone: 'Pinecone'>, db_config=PineconeConfig(db_label='pinecone_serverless_scalar_label_filter_2p_vector_concurrent_qps_c4_30s_20260514', version='', note='', api_key=SecretStr('**********'), index_name='vdbbench-laion-100m-768d-l2', multitenant_namespace_prefix='vdbbench_mt_'), db_case_config=EmptyDBCaseConfig(null=None), case_config=CaseConfig(case_id=<CaseType.CloudPayloadSearchCase: 500>, custom_case={'payload_profile': 'vector', 'label_percentage': 0.02}, k=100, concurrency_search_config=ConcurrencySearchConfig(num_concurrency=[4], concurrency_duration=30, concurrency_timeout=3600)), stages=['search_concurrent'], load_concurrency=0)
[0m (cli.py:787) (1324340)
2026-05-14 13:15:53,622 | [92mINFO[0m: [92mgenerated uuid for the tasks: 3e07919c6ca5420ba741c687ea61bf70[0m (interface.py:73) (1324340)
2026-05-14 13:15:53,649 | INFO | DB             | CaseType     Dataset               Filter | task_label (task_runner.py:541)
2026-05-14 13:15:53,649 | INFO | -----------    | ------------ -------------------- ------- | -------    (task_runner.py:541)
2026-05-14 13:15:53,649 | INFO | Pinecone-pinecone_serverless_scalar_label_filter_2p_vector_concurrent_qps_c4_30s_20260514 | Performance  LAION-LARGE-100M        0.98 | pinecone_serverless_scalar_label_filter_2p_vector_concurrent_qps_c4_30s_20260514 (task_runner.py:541)
2026-05-14 13:15:53,649 | [92mINFO[0m: [92mtask submitted: id=3e07919c6ca5420ba741c687ea61bf70, pinecone_serverless_scalar_label_filter_2p_vector_concurrent_qps_c4_30s_20260514, case number: 1[0m (interface.py:248) (1324340)
2026-05-14 13:15:54,155 | [92mINFO[0m: [92m[1/1] start case: {'label': <CaseLabel.Performance: 2>, 'name': 'Cloud Payload Search - vector - LAION 100M (768dim)', 'dataset': {'data': {'name': 'LAION', 'size': 100000000, 'dim': 768, 'metric_type': <MetricType.L2: 'L2'>}}, 'db': 'Pinecone-pinecone_serverless_scalar_label_filter_2p_vector_concurrent_qps_c4_30s_20260514'}, drop_old=False[0m (interface.py:178) (1324350)
2026-05-14 13:15:54,155 | [92mINFO[0m: [92mStarting run[0m (task_runner.py:180) (1324350)
2026-05-14 13:15:54,718 | [92mINFO[0m: [92mRead the entire file into memory: scalar_labels.parquet[0m (dataset.py:400) (1324350)
2026-05-14 13:15:55,016 | [92mINFO[0m: [92mRead the entire file into memory: test.parquet[0m (dataset.py:400) (1324350)
2026-05-14 13:15:55,064 | [92mINFO[0m: [92mRead the entire file into memory: neighbors_labels_label_2p.parquet[0m (dataset.py:400) (1324350)
2026-05-14 13:15:55,105 | [92mINFO[0m: [92mStart performance case[0m (task_runner.py:229) (1324350)
2026-05-14 13:15:55,609 | [92mINFO[0m: [92mStart search 30s in concurrency 4, filters: type=<FilterOp.StrEqual: 'Label'> filter_rate=0.98 label_field='labels' label_percentage=0.02[0m (mp_runner.py:152) (1324350)
2026-05-14 13:15:59,627 | [92mINFO[0m: [92mSyncing all process and start concurrency search, concurrency=4[0m (mp_runner.py:159) (1324350)
2026-05-14 13:16:30,306 | [92mINFO[0m: [92mSpawnProcess-1:5 search 30s: actual_dur=30.4725s, count=28, qps in this process: 0.9189[0m (mp_runner.py:124) (1324414)
2026-05-14 13:16:30,448 | [92mINFO[0m: [92mSpawnProcess-1:2 search 30s: actual_dur=30.6145s, count=29, qps in this process: 0.9473[0m (mp_runner.py:124) (1324409)
2026-05-14 13:16:30,816 | [92mINFO[0m: [92mSpawnProcess-1:4 search 30s: actual_dur=30.9819s, count=29, qps in this process: 0.936[0m (mp_runner.py:124) (1324413)
2026-05-14 13:16:30,818 | [92mINFO[0m: [92mSpawnProcess-1:3 search 30s: actual_dur=30.9795s, count=29, qps in this process: 0.9361[0m (mp_runner.py:124) (1324412)
2026-05-14 13:16:30,819 | [92mINFO[0m: [92mEnd search in concurrency 4: dur=31.19104562001303s, total_count=115, qps=3.687[0m (mp_runner.py:175) (1324350)
2026-05-14 13:16:31,088 | [92mINFO[0m: [92mUpdate largest qps with concurrency 4: current max_qps=3.687[0m (mp_runner.py:179) (1324350)
2026-05-14 13:16:31,089 | [92mINFO[0m: [92mPerformance case got result: Metric(max_load_count=0, insert_duration=0.0, optimize_duration=0.0, load_duration=0.0, qps=3.687, serial_latency_p99=0.0, serial_latency_p95=0.0, recall=0.0, ndcg=0.0, conc_num_list=[4], conc_qps_list=[3.687], conc_latency_p99_list=[np.float64(1.560645780202467)], conc_latency_p95_list=[np.float64(1.2997637882828712)], conc_latency_avg_list=[np.float64(1.0699629976100329)], payload_profile='vector', payload_estimated_bytes_per_query=309200, inserted_count=0, insert_rows_per_second=0.0, insert_completion_seconds=0.0, searchable_after_insert_seconds=0.0, indexed_after_searchable_seconds=0.0, additional_parameters={}, st_ideal_insert_duration=0, st_search_stage_list=[], st_search_time_list=[], st_max_qps_list_list=[], st_recall_list=[], st_ndcg_list=[], st_serial_latency_p99_list=[], st_serial_latency_p95_list=[], st_conc_failed_rate_list=[], st_conc_num_list_list=[], st_conc_qps_list_list=[], st_conc_latency_p99_list_list=[], st_conc_latency_p95_list_list=[], st_conc_latency_avg_list_list=[])[0m (task_runner.py:269) (1324350)
2026-05-14 13:16:31,089 | [92mINFO[0m: [92m[1/1] finish case: {'label': <CaseLabel.Performance: 2>, 'name': 'Cloud Payload Search - vector - LAION 100M (768dim)', 'dataset': {'data': {'name': 'LAION', 'size': 100000000, 'dim': 768, 'metric_type': <MetricType.L2: 'L2'>}}, 'db': 'Pinecone-pinecone_serverless_scalar_label_filter_2p_vector_concurrent_qps_c4_30s_20260514'}, result=Metric(max_load_count=0, insert_duration=0.0, optimize_duration=0.0, load_duration=0.0, qps=3.687, serial_latency_p99=0.0, serial_latency_p95=0.0, recall=0.0, ndcg=0.0, conc_num_list=[4], conc_qps_list=[3.687], conc_latency_p99_list=[np.float64(1.560645780202467)], conc_latency_p95_list=[np.float64(1.2997637882828712)], conc_latency_avg_list=[np.float64(1.0699629976100329)], payload_profile='vector', payload_estimated_bytes_per_query=309200, inserted_count=0, insert_rows_per_second=0.0, insert_completion_seconds=0.0, searchable_after_insert_seconds=0.0, indexed_after_searchable_seconds=0.0, additional_parameters={}, st_ideal_insert_duration=0, st_search_stage_list=[], st_search_time_list=[], st_max_qps_list_list=[], st_recall_list=[], st_ndcg_list=[], st_serial_latency_p99_list=[], st_serial_latency_p95_list=[], st_conc_failed_rate_list=[], st_conc_num_list_list=[], st_conc_qps_list_list=[], st_conc_latency_p99_list_list=[], st_conc_latency_p95_list_list=[], st_conc_latency_avg_list_list=[]), label=ResultLabel.NORMAL[0m (interface.py:180) (1324350)
2026-05-14 13:16:31,089 | INFO |Task summary: run_id=3e079, task_label=pinecone_serverless_scalar_label_filter_2p_vector_concurrent_qps_c4_30s_20260514 (models.py:547)
2026-05-14 13:16:31,089 | INFO |DB       | db_label                                                                            case                                                label                                                                            | load_dur    qps        latency(p99)    latency(p95)    recall        max_load_count | label (models.py:547)
2026-05-14 13:16:31,089 | INFO |-------- | ----------------------------------------------------------------------------------- --------------------------------------------------- -------------------------------------------------------------------------------- | ----------- ---------- --------------- --------------- ------------- -------------- | ----- (models.py:547)
2026-05-14 13:16:31,089 | INFO |Pinecone | pinecone_serverless_scalar_label_filter_2p_vector_concurrent_qps_c4_30s_20260514    Cloud Payload Search - vector - LAION 100M (768dim) pinecone_serverless_scalar_label_filter_2p_vector_concurrent_qps_c4_30s_20260514 | 0.0         3.687      0.0             0.0             0.0           0              | :)    (models.py:547)
2026-05-14 13:16:31,089 | [92mINFO[0m: [92mwrite results to disk /home/ubuntu/vdbbenchleadboard2/VectorDBBench/vectordb_bench/results/Pinecone/result_20260514_pinecone_serverless_scalar_label_filter_2p_vector_concurrent_qps_c4_30s_20260514_pinecone.json[0m (models.py:377) (1324350)
2026-05-14 13:16:31,090 | [92mINFO[0m: [92mSuccess to finish task: label=pinecone_serverless_scalar_label_filter_2p_vector_concurrent_qps_c4_30s_20260514, run_id=3e07919c6ca5420ba741c687ea61bf70[0m (interface.py:219) (1324350)
