2026-05-14 13:17:10,964 | [92mINFO[0m: [92mTask:
TaskConfig(db=<DB.Pinecone: 'Pinecone'>, db_config=PineconeConfig(db_label='pinecone_serverless_scalar_label_filter_10p_vector_concurrent_qps_c4_30s_20260514', version='', note='', api_key=SecretStr('**********'), index_name='vdbbench-laion-100m-768d-l2', multitenant_namespace_prefix='vdbbench_mt_'), db_case_config=EmptyDBCaseConfig(null=None), case_config=CaseConfig(case_id=<CaseType.CloudPayloadSearchCase: 500>, custom_case={'payload_profile': 'vector', 'label_percentage': 0.1}, k=100, concurrency_search_config=ConcurrencySearchConfig(num_concurrency=[4], concurrency_duration=30, concurrency_timeout=3600)), stages=['search_concurrent'], load_concurrency=0)
[0m (cli.py:787) (1324639)
2026-05-14 13:17:10,964 | [92mINFO[0m: [92mgenerated uuid for the tasks: e133906bd79b4510b1e0d865dea511ae[0m (interface.py:73) (1324639)
2026-05-14 13:17:10,990 | INFO | DB             | CaseType     Dataset               Filter | task_label (task_runner.py:541)
2026-05-14 13:17:10,991 | INFO | -----------    | ------------ -------------------- ------- | -------    (task_runner.py:541)
2026-05-14 13:17:10,991 | INFO | Pinecone-pinecone_serverless_scalar_label_filter_10p_vector_concurrent_qps_c4_30s_20260514 | Performance  LAION-LARGE-100M         0.9 | pinecone_serverless_scalar_label_filter_10p_vector_concurrent_qps_c4_30s_20260514 (task_runner.py:541)
2026-05-14 13:17:10,991 | [92mINFO[0m: [92mtask submitted: id=e133906bd79b4510b1e0d865dea511ae, pinecone_serverless_scalar_label_filter_10p_vector_concurrent_qps_c4_30s_20260514, case number: 1[0m (interface.py:248) (1324639)
2026-05-14 13:17:11,493 | [92mINFO[0m: [92m[1/1] start case: {'label': <CaseLabel.Performance: 2>, 'name': 'Cloud Payload Search - vector - LAION 100M (768dim)', 'dataset': {'data': {'name': 'LAION', 'size': 100000000, 'dim': 768, 'metric_type': <MetricType.L2: 'L2'>}}, 'db': 'Pinecone-pinecone_serverless_scalar_label_filter_10p_vector_concurrent_qps_c4_30s_20260514'}, drop_old=False[0m (interface.py:178) (1324649)
2026-05-14 13:17:11,493 | [92mINFO[0m: [92mStarting run[0m (task_runner.py:180) (1324649)
2026-05-14 13:17:12,016 | [92mINFO[0m: [92mRead the entire file into memory: scalar_labels.parquet[0m (dataset.py:400) (1324649)
2026-05-14 13:17:12,318 | [92mINFO[0m: [92mRead the entire file into memory: test.parquet[0m (dataset.py:400) (1324649)
2026-05-14 13:17:12,369 | [92mINFO[0m: [92mRead the entire file into memory: neighbors_labels_label_10p.parquet[0m (dataset.py:400) (1324649)
2026-05-14 13:17:12,410 | [92mINFO[0m: [92mStart performance case[0m (task_runner.py:229) (1324649)
2026-05-14 13:17:12,914 | [92mINFO[0m: [92mStart search 30s in concurrency 4, filters: type=<FilterOp.StrEqual: 'Label'> filter_rate=0.9 label_field='labels' label_percentage=0.1[0m (mp_runner.py:152) (1324649)
2026-05-14 13:17:16,933 | [92mINFO[0m: [92mSyncing all process and start concurrency search, concurrency=4[0m (mp_runner.py:159) (1324649)
2026-05-14 13:17:47,219 | [92mINFO[0m: [92mSpawnProcess-1:3 search 30s: actual_dur=30.0703s, count=25, qps in this process: 0.8314[0m (mp_runner.py:124) (1324712)
2026-05-14 13:17:47,232 | [92mINFO[0m: [92mSpawnProcess-1:4 search 30s: actual_dur=30.0873s, count=26, qps in this process: 0.8642[0m (mp_runner.py:124) (1324713)
2026-05-14 13:17:47,356 | [92mINFO[0m: [92mSpawnProcess-1:5 search 30s: actual_dur=30.2088s, count=26, qps in this process: 0.8607[0m (mp_runner.py:124) (1324714)
2026-05-14 13:17:47,672 | [92mINFO[0m: [92mSpawnProcess-1:2 search 30s: actual_dur=30.5214s, count=27, qps in this process: 0.8846[0m (mp_runner.py:124) (1324709)
2026-05-14 13:17:47,673 | [92mINFO[0m: [92mEnd search in concurrency 4: dur=30.739584065042436s, total_count=104, qps=3.3833[0m (mp_runner.py:175) (1324649)
2026-05-14 13:17:47,938 | [92mINFO[0m: [92mUpdate largest qps with concurrency 4: current max_qps=3.3833[0m (mp_runner.py:179) (1324649)
2026-05-14 13:17:47,938 | [92mINFO[0m: [92mPerformance case got result: Metric(max_load_count=0, insert_duration=0.0, optimize_duration=0.0, load_duration=0.0, qps=3.3833, serial_latency_p99=0.0, serial_latency_p95=0.0, recall=0.0, ndcg=0.0, conc_num_list=[4], conc_qps_list=[3.3833], conc_latency_p99_list=[np.float64(1.6250993956706952)], conc_latency_p95_list=[np.float64(1.4733084261708427)], conc_latency_avg_list=[np.float64(1.162357738148645)], payload_profile='vector', payload_estimated_bytes_per_query=309200, inserted_count=0, insert_rows_per_second=0.0, insert_completion_seconds=0.0, searchable_after_insert_seconds=0.0, indexed_after_searchable_seconds=0.0, additional_parameters={}, st_ideal_insert_duration=0, st_search_stage_list=[], st_search_time_list=[], st_max_qps_list_list=[], st_recall_list=[], st_ndcg_list=[], st_serial_latency_p99_list=[], st_serial_latency_p95_list=[], st_conc_failed_rate_list=[], st_conc_num_list_list=[], st_conc_qps_list_list=[], st_conc_latency_p99_list_list=[], st_conc_latency_p95_list_list=[], st_conc_latency_avg_list_list=[])[0m (task_runner.py:269) (1324649)
2026-05-14 13:17:47,938 | [92mINFO[0m: [92m[1/1] finish case: {'label': <CaseLabel.Performance: 2>, 'name': 'Cloud Payload Search - vector - LAION 100M (768dim)', 'dataset': {'data': {'name': 'LAION', 'size': 100000000, 'dim': 768, 'metric_type': <MetricType.L2: 'L2'>}}, 'db': 'Pinecone-pinecone_serverless_scalar_label_filter_10p_vector_concurrent_qps_c4_30s_20260514'}, result=Metric(max_load_count=0, insert_duration=0.0, optimize_duration=0.0, load_duration=0.0, qps=3.3833, serial_latency_p99=0.0, serial_latency_p95=0.0, recall=0.0, ndcg=0.0, conc_num_list=[4], conc_qps_list=[3.3833], conc_latency_p99_list=[np.float64(1.6250993956706952)], conc_latency_p95_list=[np.float64(1.4733084261708427)], conc_latency_avg_list=[np.float64(1.162357738148645)], payload_profile='vector', payload_estimated_bytes_per_query=309200, inserted_count=0, insert_rows_per_second=0.0, insert_completion_seconds=0.0, searchable_after_insert_seconds=0.0, indexed_after_searchable_seconds=0.0, additional_parameters={}, st_ideal_insert_duration=0, st_search_stage_list=[], st_search_time_list=[], st_max_qps_list_list=[], st_recall_list=[], st_ndcg_list=[], st_serial_latency_p99_list=[], st_serial_latency_p95_list=[], st_conc_failed_rate_list=[], st_conc_num_list_list=[], st_conc_qps_list_list=[], st_conc_latency_p99_list_list=[], st_conc_latency_p95_list_list=[], st_conc_latency_avg_list_list=[]), label=ResultLabel.NORMAL[0m (interface.py:180) (1324649)
2026-05-14 13:17:47,938 | INFO |Task summary: run_id=e1339, task_label=pinecone_serverless_scalar_label_filter_10p_vector_concurrent_qps_c4_30s_20260514 (models.py:547)
2026-05-14 13:17:47,938 | INFO |DB       | db_label                                                                             case                                                label                                                                             | load_dur    qps        latency(p99)    latency(p95)    recall        max_load_count | label (models.py:547)
2026-05-14 13:17:47,938 | INFO |-------- | ------------------------------------------------------------------------------------ --------------------------------------------------- --------------------------------------------------------------------------------- | ----------- ---------- --------------- --------------- ------------- -------------- | ----- (models.py:547)
2026-05-14 13:17:47,939 | INFO |Pinecone | pinecone_serverless_scalar_label_filter_10p_vector_concurrent_qps_c4_30s_20260514    Cloud Payload Search - vector - LAION 100M (768dim) pinecone_serverless_scalar_label_filter_10p_vector_concurrent_qps_c4_30s_20260514 | 0.0         3.3833     0.0             0.0             0.0           0              | :)    (models.py:547)
2026-05-14 13:17:47,939 | [92mINFO[0m: [92mwrite results to disk /home/ubuntu/vdbbenchleadboard2/VectorDBBench/vectordb_bench/results/Pinecone/result_20260514_pinecone_serverless_scalar_label_filter_10p_vector_concurrent_qps_c4_30s_20260514_pinecone.json[0m (models.py:377) (1324649)
2026-05-14 13:17:47,939 | [92mINFO[0m: [92mSuccess to finish task: label=pinecone_serverless_scalar_label_filter_10p_vector_concurrent_qps_c4_30s_20260514, run_id=e133906bd79b4510b1e0d865dea511ae[0m (interface.py:219) (1324649)
