2026-05-14 13:04:57,935 | [92mINFO[0m: [92mTask:
TaskConfig(db=<DB.Pinecone: 'Pinecone'>, db_config=PineconeConfig(db_label='pinecone_serverless_scalar_label_filter_0_2p_ids_only_concurrent_qps_c4_30s_20260514', version='', note='', api_key=SecretStr('**********'), index_name='vdbbench-laion-100m-768d-l2', multitenant_namespace_prefix='vdbbench_mt_'), db_case_config=EmptyDBCaseConfig(null=None), case_config=CaseConfig(case_id=<CaseType.CloudPayloadSearchCase: 500>, custom_case={'payload_profile': 'ids_only', 'label_percentage': 0.002}, k=100, concurrency_search_config=ConcurrencySearchConfig(num_concurrency=[4], concurrency_duration=30, concurrency_timeout=3600)), stages=['search_concurrent'], load_concurrency=0)
[0m (cli.py:787) (1321907)
2026-05-14 13:04:57,935 | [92mINFO[0m: [92mgenerated uuid for the tasks: 00e1e0867fcb41ff9f37efea33b1f372[0m (interface.py:73) (1321907)
2026-05-14 13:04:57,962 | INFO | DB             | CaseType     Dataset               Filter | task_label (task_runner.py:541)
2026-05-14 13:04:57,962 | INFO | -----------    | ------------ -------------------- ------- | -------    (task_runner.py:541)
2026-05-14 13:04:57,962 | INFO | Pinecone-pinecone_serverless_scalar_label_filter_0_2p_ids_only_concurrent_qps_c4_30s_20260514 | Performance  LAION-LARGE-100M       0.998 | pinecone_serverless_scalar_label_filter_0_2p_ids_only_concurrent_qps_c4_30s_20260514 (task_runner.py:541)
2026-05-14 13:04:57,962 | [92mINFO[0m: [92mtask submitted: id=00e1e0867fcb41ff9f37efea33b1f372, pinecone_serverless_scalar_label_filter_0_2p_ids_only_concurrent_qps_c4_30s_20260514, case number: 1[0m (interface.py:248) (1321907)
2026-05-14 13:04:58,469 | [92mINFO[0m: [92m[1/1] start case: {'label': <CaseLabel.Performance: 2>, 'name': 'Cloud Payload Search - ids_only - LAION 100M (768dim)', 'dataset': {'data': {'name': 'LAION', 'size': 100000000, 'dim': 768, 'metric_type': <MetricType.L2: 'L2'>}}, 'db': 'Pinecone-pinecone_serverless_scalar_label_filter_0_2p_ids_only_concurrent_qps_c4_30s_20260514'}, drop_old=False[0m (interface.py:178) (1321917)
2026-05-14 13:04:58,469 | [92mINFO[0m: [92mStarting run[0m (task_runner.py:180) (1321917)
2026-05-14 13:04:59,030 | [92mINFO[0m: [92mRead the entire file into memory: scalar_labels.parquet[0m (dataset.py:400) (1321917)
2026-05-14 13:04:59,340 | [92mINFO[0m: [92mRead the entire file into memory: test.parquet[0m (dataset.py:400) (1321917)
2026-05-14 13:04:59,387 | [92mINFO[0m: [92mRead the entire file into memory: neighbors_labels_label_0.2p.parquet[0m (dataset.py:400) (1321917)
2026-05-14 13:04:59,427 | [92mINFO[0m: [92mStart performance case[0m (task_runner.py:229) (1321917)
2026-05-14 13:04:59,928 | [92mINFO[0m: [92mStart search 30s in concurrency 4, filters: type=<FilterOp.StrEqual: 'Label'> filter_rate=0.998 label_field='labels' label_percentage=0.002[0m (mp_runner.py:152) (1321917)
2026-05-14 13:05:03,947 | [92mINFO[0m: [92mSyncing all process and start concurrency search, concurrency=4[0m (mp_runner.py:159) (1321917)
2026-05-14 13:05:34,485 | [92mINFO[0m: [92mSpawnProcess-1:3 search 30s: actual_dur=30.3291s, count=41, qps in this process: 1.3518[0m (mp_runner.py:124) (1321979)
2026-05-14 13:05:34,886 | [92mINFO[0m: [92mSpawnProcess-1:4 search 30s: actual_dur=30.7307s, count=43, qps in this process: 1.3993[0m (mp_runner.py:124) (1321980)
2026-05-14 13:05:34,917 | [92mINFO[0m: [92mSpawnProcess-1:5 search 30s: actual_dur=30.7604s, count=31, qps in this process: 1.0078[0m (mp_runner.py:124) (1321981)
2026-05-14 13:05:35,506 | [92mINFO[0m: [92mSpawnProcess-1:2 search 30s: actual_dur=31.3318s, count=37, qps in this process: 1.1809[0m (mp_runner.py:124) (1321976)
2026-05-14 13:05:35,506 | [92mINFO[0m: [92mEnd search in concurrency 4: dur=31.55760336702224s, total_count=152, qps=4.8166[0m (mp_runner.py:175) (1321917)
2026-05-14 13:05:35,777 | [92mINFO[0m: [92mUpdate largest qps with concurrency 4: current max_qps=4.8166[0m (mp_runner.py:179) (1321917)
2026-05-14 13:05:35,778 | [92mINFO[0m: [92mPerformance case got result: Metric(max_load_count=0, insert_duration=0.0, optimize_duration=0.0, load_duration=0.0, qps=4.8166, serial_latency_p99=0.0, serial_latency_p95=0.0, recall=0.0, ndcg=0.0, conc_num_list=[4], conc_qps_list=[4.8166], conc_latency_p99_list=[np.float64(3.160465796182398)], conc_latency_p95_list=[np.float64(2.6867572982271666)], conc_latency_avg_list=[np.float64(0.8101931435659552)], payload_profile='ids_only', payload_estimated_bytes_per_query=2000, inserted_count=0, insert_rows_per_second=0.0, insert_completion_seconds=0.0, searchable_after_insert_seconds=0.0, indexed_after_searchable_seconds=0.0, additional_parameters={}, st_ideal_insert_duration=0, st_search_stage_list=[], st_search_time_list=[], st_max_qps_list_list=[], st_recall_list=[], st_ndcg_list=[], st_serial_latency_p99_list=[], st_serial_latency_p95_list=[], st_conc_failed_rate_list=[], st_conc_num_list_list=[], st_conc_qps_list_list=[], st_conc_latency_p99_list_list=[], st_conc_latency_p95_list_list=[], st_conc_latency_avg_list_list=[])[0m (task_runner.py:269) (1321917)
2026-05-14 13:05:35,778 | [92mINFO[0m: [92m[1/1] finish case: {'label': <CaseLabel.Performance: 2>, 'name': 'Cloud Payload Search - ids_only - LAION 100M (768dim)', 'dataset': {'data': {'name': 'LAION', 'size': 100000000, 'dim': 768, 'metric_type': <MetricType.L2: 'L2'>}}, 'db': 'Pinecone-pinecone_serverless_scalar_label_filter_0_2p_ids_only_concurrent_qps_c4_30s_20260514'}, result=Metric(max_load_count=0, insert_duration=0.0, optimize_duration=0.0, load_duration=0.0, qps=4.8166, serial_latency_p99=0.0, serial_latency_p95=0.0, recall=0.0, ndcg=0.0, conc_num_list=[4], conc_qps_list=[4.8166], conc_latency_p99_list=[np.float64(3.160465796182398)], conc_latency_p95_list=[np.float64(2.6867572982271666)], conc_latency_avg_list=[np.float64(0.8101931435659552)], payload_profile='ids_only', payload_estimated_bytes_per_query=2000, inserted_count=0, insert_rows_per_second=0.0, insert_completion_seconds=0.0, searchable_after_insert_seconds=0.0, indexed_after_searchable_seconds=0.0, additional_parameters={}, st_ideal_insert_duration=0, st_search_stage_list=[], st_search_time_list=[], st_max_qps_list_list=[], st_recall_list=[], st_ndcg_list=[], st_serial_latency_p99_list=[], st_serial_latency_p95_list=[], st_conc_failed_rate_list=[], st_conc_num_list_list=[], st_conc_qps_list_list=[], st_conc_latency_p99_list_list=[], st_conc_latency_p95_list_list=[], st_conc_latency_avg_list_list=[]), label=ResultLabel.NORMAL[0m (interface.py:180) (1321917)
2026-05-14 13:05:35,778 | INFO |Task summary: run_id=00e1e, task_label=pinecone_serverless_scalar_label_filter_0_2p_ids_only_concurrent_qps_c4_30s_20260514 (models.py:547)
2026-05-14 13:05:35,778 | INFO |DB       | db_label                                                                                case                                                  label                                                                                | load_dur    qps        latency(p99)    latency(p95)    recall        max_load_count | label (models.py:547)
2026-05-14 13:05:35,778 | INFO |-------- | --------------------------------------------------------------------------------------- ----------------------------------------------------- ------------------------------------------------------------------------------------ | ----------- ---------- --------------- --------------- ------------- -------------- | ----- (models.py:547)
2026-05-14 13:05:35,778 | INFO |Pinecone | pinecone_serverless_scalar_label_filter_0_2p_ids_only_concurrent_qps_c4_30s_20260514    Cloud Payload Search - ids_only - LAION 100M (768dim) pinecone_serverless_scalar_label_filter_0_2p_ids_only_concurrent_qps_c4_30s_20260514 | 0.0         4.8166     0.0             0.0             0.0           0              | :)    (models.py:547)
2026-05-14 13:05:35,778 | [92mINFO[0m: [92mwrite results to disk /home/ubuntu/vdbbenchleadboard2/VectorDBBench/vectordb_bench/results/Pinecone/result_20260514_pinecone_serverless_scalar_label_filter_0_2p_ids_only_concurrent_qps_c4_30s_20260514_pinecone.json[0m (models.py:377) (1321917)
2026-05-14 13:05:35,779 | [92mINFO[0m: [92mSuccess to finish task: label=pinecone_serverless_scalar_label_filter_0_2p_ids_only_concurrent_qps_c4_30s_20260514, run_id=00e1e0867fcb41ff9f37efea33b1f372[0m (interface.py:219) (1321917)
