2026-05-14 13:01:06,788 | [92mINFO[0m: [92mTask:
TaskConfig(db=<DB.Pinecone: 'Pinecone'>, db_config=PineconeConfig(db_label='pinecone_serverless_unfiltered_na_ids_only_concurrent_qps_c4_30s_20260514', version='', note='', api_key=SecretStr('**********'), index_name='vdbbench-laion-100m-768d-l2', multitenant_namespace_prefix='vdbbench_mt_'), db_case_config=EmptyDBCaseConfig(null=None), case_config=CaseConfig(case_id=<CaseType.CloudPayloadSearchCase: 500>, custom_case={'payload_profile': 'ids_only'}, k=100, concurrency_search_config=ConcurrencySearchConfig(num_concurrency=[4], concurrency_duration=30, concurrency_timeout=3600)), stages=['search_concurrent'], load_concurrency=0)
[0m (cli.py:787) (1321040)
2026-05-14 13:01:06,789 | [92mINFO[0m: [92mgenerated uuid for the tasks: 5b595c1644614cb9b324dbc01f375ec9[0m (interface.py:73) (1321040)
2026-05-14 13:01:06,815 | INFO | DB             | CaseType     Dataset               Filter | task_label (task_runner.py:541)
2026-05-14 13:01:06,815 | INFO | -----------    | ------------ -------------------- ------- | -------    (task_runner.py:541)
2026-05-14 13:01:06,815 | INFO | Pinecone-pinecone_serverless_unfiltered_na_ids_only_concurrent_qps_c4_30s_20260514 | Performance  LAION-LARGE-100M         0.0 | pinecone_serverless_unfiltered_na_ids_only_concurrent_qps_c4_30s_20260514 (task_runner.py:541)
2026-05-14 13:01:06,815 | [92mINFO[0m: [92mtask submitted: id=5b595c1644614cb9b324dbc01f375ec9, pinecone_serverless_unfiltered_na_ids_only_concurrent_qps_c4_30s_20260514, case number: 1[0m (interface.py:248) (1321040)
2026-05-14 13:01:07,324 | [92mINFO[0m: [92m[1/1] start case: {'label': <CaseLabel.Performance: 2>, 'name': 'Cloud Payload Search - ids_only - LAION 100M (768dim)', 'dataset': {'data': {'name': 'LAION', 'size': 100000000, 'dim': 768, 'metric_type': <MetricType.L2: 'L2'>}}, 'db': 'Pinecone-pinecone_serverless_unfiltered_na_ids_only_concurrent_qps_c4_30s_20260514'}, drop_old=False[0m (interface.py:178) (1321050)
2026-05-14 13:01:07,324 | [92mINFO[0m: [92mStarting run[0m (task_runner.py:180) (1321050)
2026-05-14 13:01:07,848 | [92mINFO[0m: [92mRead the entire file into memory: test.parquet[0m (dataset.py:400) (1321050)
2026-05-14 13:01:07,881 | [92mINFO[0m: [92mRead the entire file into memory: neighbors.parquet[0m (dataset.py:400) (1321050)
2026-05-14 13:01:07,931 | [92mINFO[0m: [92mStart performance case[0m (task_runner.py:229) (1321050)
2026-05-14 13:01:08,442 | [92mINFO[0m: [92mStart search 30s in concurrency 4, filters: type=<FilterOp.NonFilter: 'NonFilter'> filter_rate=0.0 gt_file_name='neighbors.parquet'[0m (mp_runner.py:152) (1321050)
2026-05-14 13:01:12,461 | [92mINFO[0m: [92mSyncing all process and start concurrency search, concurrency=4[0m (mp_runner.py:159) (1321050)
2026-05-14 13:01:42,770 | [92mINFO[0m: [92mSpawnProcess-1:4 search 30s: actual_dur=30.0974s, count=35, qps in this process: 1.1629[0m (mp_runner.py:124) (1321127)
2026-05-14 13:01:42,781 | [92mINFO[0m: [92mSpawnProcess-1:3 search 30s: actual_dur=30.1138s, count=35, qps in this process: 1.1623[0m (mp_runner.py:124) (1321126)
2026-05-14 13:01:43,297 | [92mINFO[0m: [92mSpawnProcess-1:2 search 30s: actual_dur=30.6284s, count=44, qps in this process: 1.4366[0m (mp_runner.py:124) (1321123)
2026-05-14 13:01:43,333 | [92mINFO[0m: [92mSpawnProcess-1:5 search 30s: actual_dur=30.6598s, count=42, qps in this process: 1.3699[0m (mp_runner.py:124) (1321128)
2026-05-14 13:01:43,334 | [92mINFO[0m: [92mEnd search in concurrency 4: dur=30.872968349955045s, total_count=156, qps=5.053[0m (mp_runner.py:175) (1321050)
2026-05-14 13:01:43,611 | [92mINFO[0m: [92mUpdate largest qps with concurrency 4: current max_qps=5.053[0m (mp_runner.py:179) (1321050)
2026-05-14 13:01:43,612 | [92mINFO[0m: [92mPerformance case got result: Metric(max_load_count=0, insert_duration=0.0, optimize_duration=0.0, load_duration=0.0, qps=5.053, serial_latency_p99=0.0, serial_latency_p95=0.0, recall=0.0, ndcg=0.0, conc_num_list=[4], conc_qps_list=[5.053], conc_latency_p99_list=[np.float64(2.9550520140153744)], conc_latency_p95_list=[np.float64(2.1146521634364035)], conc_latency_avg_list=[np.float64(0.7788256095992461)], payload_profile='ids_only', payload_estimated_bytes_per_query=2000, inserted_count=0, insert_rows_per_second=0.0, insert_completion_seconds=0.0, searchable_after_insert_seconds=0.0, indexed_after_searchable_seconds=0.0, additional_parameters={}, st_ideal_insert_duration=0, st_search_stage_list=[], st_search_time_list=[], st_max_qps_list_list=[], st_recall_list=[], st_ndcg_list=[], st_serial_latency_p99_list=[], st_serial_latency_p95_list=[], st_conc_failed_rate_list=[], st_conc_num_list_list=[], st_conc_qps_list_list=[], st_conc_latency_p99_list_list=[], st_conc_latency_p95_list_list=[], st_conc_latency_avg_list_list=[])[0m (task_runner.py:269) (1321050)
2026-05-14 13:01:43,612 | [92mINFO[0m: [92m[1/1] finish case: {'label': <CaseLabel.Performance: 2>, 'name': 'Cloud Payload Search - ids_only - LAION 100M (768dim)', 'dataset': {'data': {'name': 'LAION', 'size': 100000000, 'dim': 768, 'metric_type': <MetricType.L2: 'L2'>}}, 'db': 'Pinecone-pinecone_serverless_unfiltered_na_ids_only_concurrent_qps_c4_30s_20260514'}, result=Metric(max_load_count=0, insert_duration=0.0, optimize_duration=0.0, load_duration=0.0, qps=5.053, serial_latency_p99=0.0, serial_latency_p95=0.0, recall=0.0, ndcg=0.0, conc_num_list=[4], conc_qps_list=[5.053], conc_latency_p99_list=[np.float64(2.9550520140153744)], conc_latency_p95_list=[np.float64(2.1146521634364035)], conc_latency_avg_list=[np.float64(0.7788256095992461)], payload_profile='ids_only', payload_estimated_bytes_per_query=2000, inserted_count=0, insert_rows_per_second=0.0, insert_completion_seconds=0.0, searchable_after_insert_seconds=0.0, indexed_after_searchable_seconds=0.0, additional_parameters={}, st_ideal_insert_duration=0, st_search_stage_list=[], st_search_time_list=[], st_max_qps_list_list=[], st_recall_list=[], st_ndcg_list=[], st_serial_latency_p99_list=[], st_serial_latency_p95_list=[], st_conc_failed_rate_list=[], st_conc_num_list_list=[], st_conc_qps_list_list=[], st_conc_latency_p99_list_list=[], st_conc_latency_p95_list_list=[], st_conc_latency_avg_list_list=[]), label=ResultLabel.NORMAL[0m (interface.py:180) (1321050)
2026-05-14 13:01:43,612 | INFO |Task summary: run_id=5b595, task_label=pinecone_serverless_unfiltered_na_ids_only_concurrent_qps_c4_30s_20260514 (models.py:547)
2026-05-14 13:01:43,612 | INFO |DB       | db_label                                                                     case                                                  label                                                                     | load_dur    qps        latency(p99)    latency(p95)    recall        max_load_count | label (models.py:547)
2026-05-14 13:01:43,612 | INFO |-------- | ---------------------------------------------------------------------------- ----------------------------------------------------- ------------------------------------------------------------------------- | ----------- ---------- --------------- --------------- ------------- -------------- | ----- (models.py:547)
2026-05-14 13:01:43,612 | INFO |Pinecone | pinecone_serverless_unfiltered_na_ids_only_concurrent_qps_c4_30s_20260514    Cloud Payload Search - ids_only - LAION 100M (768dim) pinecone_serverless_unfiltered_na_ids_only_concurrent_qps_c4_30s_20260514 | 0.0         5.053      0.0             0.0             0.0           0              | :)    (models.py:547)
2026-05-14 13:01:43,612 | [92mINFO[0m: [92mwrite results to disk /home/ubuntu/vdbbenchleadboard2/VectorDBBench/vectordb_bench/results/Pinecone/result_20260514_pinecone_serverless_unfiltered_na_ids_only_concurrent_qps_c4_30s_20260514_pinecone.json[0m (models.py:377) (1321050)
2026-05-14 13:01:43,613 | [92mINFO[0m: [92mSuccess to finish task: label=pinecone_serverless_unfiltered_na_ids_only_concurrent_qps_c4_30s_20260514, run_id=5b595c1644614cb9b324dbc01f375ec9[0m (interface.py:219) (1321050)
