2026-05-14 13:16:32,297 | [92mINFO[0m: [92mTask:
TaskConfig(db=<DB.Pinecone: 'Pinecone'>, db_config=PineconeConfig(db_label='pinecone_serverless_scalar_label_filter_5p_vector_concurrent_qps_c4_30s_20260514', version='', note='', api_key=SecretStr('**********'), index_name='vdbbench-laion-100m-768d-l2', multitenant_namespace_prefix='vdbbench_mt_'), db_case_config=EmptyDBCaseConfig(null=None), case_config=CaseConfig(case_id=<CaseType.CloudPayloadSearchCase: 500>, custom_case={'payload_profile': 'vector', 'label_percentage': 0.05}, k=100, concurrency_search_config=ConcurrencySearchConfig(num_concurrency=[4], concurrency_duration=30, concurrency_timeout=3600)), stages=['search_concurrent'], load_concurrency=0)
[0m (cli.py:787) (1324493)
2026-05-14 13:16:32,298 | [92mINFO[0m: [92mgenerated uuid for the tasks: b409626474954b7180d457aa0d1c8819[0m (interface.py:73) (1324493)
2026-05-14 13:16:32,323 | INFO | DB             | CaseType     Dataset               Filter | task_label (task_runner.py:541)
2026-05-14 13:16:32,323 | INFO | -----------    | ------------ -------------------- ------- | -------    (task_runner.py:541)
2026-05-14 13:16:32,323 | INFO | Pinecone-pinecone_serverless_scalar_label_filter_5p_vector_concurrent_qps_c4_30s_20260514 | Performance  LAION-LARGE-100M        0.95 | pinecone_serverless_scalar_label_filter_5p_vector_concurrent_qps_c4_30s_20260514 (task_runner.py:541)
2026-05-14 13:16:32,324 | [92mINFO[0m: [92mtask submitted: id=b409626474954b7180d457aa0d1c8819, pinecone_serverless_scalar_label_filter_5p_vector_concurrent_qps_c4_30s_20260514, case number: 1[0m (interface.py:248) (1324493)
2026-05-14 13:16:32,830 | [92mINFO[0m: [92m[1/1] start case: {'label': <CaseLabel.Performance: 2>, 'name': 'Cloud Payload Search - vector - LAION 100M (768dim)', 'dataset': {'data': {'name': 'LAION', 'size': 100000000, 'dim': 768, 'metric_type': <MetricType.L2: 'L2'>}}, 'db': 'Pinecone-pinecone_serverless_scalar_label_filter_5p_vector_concurrent_qps_c4_30s_20260514'}, drop_old=False[0m (interface.py:178) (1324503)
2026-05-14 13:16:32,831 | [92mINFO[0m: [92mStarting run[0m (task_runner.py:180) (1324503)
2026-05-14 13:16:33,347 | [92mINFO[0m: [92mRead the entire file into memory: scalar_labels.parquet[0m (dataset.py:400) (1324503)
2026-05-14 13:16:33,652 | [92mINFO[0m: [92mRead the entire file into memory: test.parquet[0m (dataset.py:400) (1324503)
2026-05-14 13:16:33,698 | [92mINFO[0m: [92mRead the entire file into memory: neighbors_labels_label_5p.parquet[0m (dataset.py:400) (1324503)
2026-05-14 13:16:33,739 | [92mINFO[0m: [92mStart performance case[0m (task_runner.py:229) (1324503)
2026-05-14 13:16:34,243 | [92mINFO[0m: [92mStart search 30s in concurrency 4, filters: type=<FilterOp.StrEqual: 'Label'> filter_rate=0.95 label_field='labels' label_percentage=0.05[0m (mp_runner.py:152) (1324503)
2026-05-14 13:16:38,262 | [92mINFO[0m: [92mSyncing all process and start concurrency search, concurrency=4[0m (mp_runner.py:159) (1324503)
2026-05-14 13:17:08,919 | [92mINFO[0m: [92mSpawnProcess-1:5 search 30s: actual_dur=30.4431s, count=22, qps in this process: 0.7227[0m (mp_runner.py:124) (1324567)
2026-05-14 13:17:09,206 | [92mINFO[0m: [92mSpawnProcess-1:3 search 30s: actual_dur=30.7196s, count=22, qps in this process: 0.7162[0m (mp_runner.py:124) (1324565)
2026-05-14 13:17:09,483 | [92mINFO[0m: [92mSpawnProcess-1:4 search 30s: actual_dur=31.0172s, count=23, qps in this process: 0.7415[0m (mp_runner.py:124) (1324566)
2026-05-14 13:17:09,581 | [92mINFO[0m: [92mSpawnProcess-1:2 search 30s: actual_dur=31.0961s, count=22, qps in this process: 0.7075[0m (mp_runner.py:124) (1324562)
2026-05-14 13:17:09,582 | [92mINFO[0m: [92mEnd search in concurrency 4: dur=31.32048734696582s, total_count=89, qps=2.8416[0m (mp_runner.py:175) (1324503)
2026-05-14 13:17:09,850 | [92mINFO[0m: [92mUpdate largest qps with concurrency 4: current max_qps=2.8416[0m (mp_runner.py:179) (1324503)
2026-05-14 13:17:09,851 | [92mINFO[0m: [92mPerformance case got result: Metric(max_load_count=0, insert_duration=0.0, optimize_duration=0.0, load_duration=0.0, qps=2.8416, serial_latency_p99=0.0, serial_latency_p95=0.0, recall=0.0, ndcg=0.0, conc_num_list=[4], conc_qps_list=[2.8416], conc_latency_p99_list=[np.float64(2.2025187596585605)], conc_latency_p95_list=[np.float64(2.01455696595367)], conc_latency_avg_list=[np.float64(1.3850934215536173)], payload_profile='vector', payload_estimated_bytes_per_query=309200, inserted_count=0, insert_rows_per_second=0.0, insert_completion_seconds=0.0, searchable_after_insert_seconds=0.0, indexed_after_searchable_seconds=0.0, additional_parameters={}, st_ideal_insert_duration=0, st_search_stage_list=[], st_search_time_list=[], st_max_qps_list_list=[], st_recall_list=[], st_ndcg_list=[], st_serial_latency_p99_list=[], st_serial_latency_p95_list=[], st_conc_failed_rate_list=[], st_conc_num_list_list=[], st_conc_qps_list_list=[], st_conc_latency_p99_list_list=[], st_conc_latency_p95_list_list=[], st_conc_latency_avg_list_list=[])[0m (task_runner.py:269) (1324503)
2026-05-14 13:17:09,851 | [92mINFO[0m: [92m[1/1] finish case: {'label': <CaseLabel.Performance: 2>, 'name': 'Cloud Payload Search - vector - LAION 100M (768dim)', 'dataset': {'data': {'name': 'LAION', 'size': 100000000, 'dim': 768, 'metric_type': <MetricType.L2: 'L2'>}}, 'db': 'Pinecone-pinecone_serverless_scalar_label_filter_5p_vector_concurrent_qps_c4_30s_20260514'}, result=Metric(max_load_count=0, insert_duration=0.0, optimize_duration=0.0, load_duration=0.0, qps=2.8416, serial_latency_p99=0.0, serial_latency_p95=0.0, recall=0.0, ndcg=0.0, conc_num_list=[4], conc_qps_list=[2.8416], conc_latency_p99_list=[np.float64(2.2025187596585605)], conc_latency_p95_list=[np.float64(2.01455696595367)], conc_latency_avg_list=[np.float64(1.3850934215536173)], payload_profile='vector', payload_estimated_bytes_per_query=309200, inserted_count=0, insert_rows_per_second=0.0, insert_completion_seconds=0.0, searchable_after_insert_seconds=0.0, indexed_after_searchable_seconds=0.0, additional_parameters={}, st_ideal_insert_duration=0, st_search_stage_list=[], st_search_time_list=[], st_max_qps_list_list=[], st_recall_list=[], st_ndcg_list=[], st_serial_latency_p99_list=[], st_serial_latency_p95_list=[], st_conc_failed_rate_list=[], st_conc_num_list_list=[], st_conc_qps_list_list=[], st_conc_latency_p99_list_list=[], st_conc_latency_p95_list_list=[], st_conc_latency_avg_list_list=[]), label=ResultLabel.NORMAL[0m (interface.py:180) (1324503)
2026-05-14 13:17:09,851 | INFO |Task summary: run_id=b4096, task_label=pinecone_serverless_scalar_label_filter_5p_vector_concurrent_qps_c4_30s_20260514 (models.py:547)
2026-05-14 13:17:09,851 | INFO |DB       | db_label                                                                            case                                                label                                                                            | load_dur    qps        latency(p99)    latency(p95)    recall        max_load_count | label (models.py:547)
2026-05-14 13:17:09,851 | INFO |-------- | ----------------------------------------------------------------------------------- --------------------------------------------------- -------------------------------------------------------------------------------- | ----------- ---------- --------------- --------------- ------------- -------------- | ----- (models.py:547)
2026-05-14 13:17:09,851 | INFO |Pinecone | pinecone_serverless_scalar_label_filter_5p_vector_concurrent_qps_c4_30s_20260514    Cloud Payload Search - vector - LAION 100M (768dim) pinecone_serverless_scalar_label_filter_5p_vector_concurrent_qps_c4_30s_20260514 | 0.0         2.8416     0.0             0.0             0.0           0              | :)    (models.py:547)
2026-05-14 13:17:09,851 | [92mINFO[0m: [92mwrite results to disk /home/ubuntu/vdbbenchleadboard2/VectorDBBench/vectordb_bench/results/Pinecone/result_20260514_pinecone_serverless_scalar_label_filter_5p_vector_concurrent_qps_c4_30s_20260514_pinecone.json[0m (models.py:377) (1324503)
2026-05-14 13:17:09,852 | [92mINFO[0m: [92mSuccess to finish task: label=pinecone_serverless_scalar_label_filter_5p_vector_concurrent_qps_c4_30s_20260514, run_id=b409626474954b7180d457aa0d1c8819[0m (interface.py:219) (1324503)
