2026-05-14 13:04:18,265 | [92mINFO[0m: [92mTask:
TaskConfig(db=<DB.Pinecone: 'Pinecone'>, db_config=PineconeConfig(db_label='pinecone_serverless_scalar_label_filter_0_1p_ids_only_concurrent_qps_c4_30s_20260514', version='', note='', api_key=SecretStr('**********'), index_name='vdbbench-laion-100m-768d-l2', multitenant_namespace_prefix='vdbbench_mt_'), db_case_config=EmptyDBCaseConfig(null=None), case_config=CaseConfig(case_id=<CaseType.CloudPayloadSearchCase: 500>, custom_case={'payload_profile': 'ids_only', 'label_percentage': 0.001}, k=100, concurrency_search_config=ConcurrencySearchConfig(num_concurrency=[4], concurrency_duration=30, concurrency_timeout=3600)), stages=['search_concurrent'], load_concurrency=0)
[0m (cli.py:787) (1321766)
2026-05-14 13:04:18,265 | [92mINFO[0m: [92mgenerated uuid for the tasks: 180cc3dd7c814a00a0def588a0713d16[0m (interface.py:73) (1321766)
2026-05-14 13:04:18,291 | INFO | DB             | CaseType     Dataset               Filter | task_label (task_runner.py:541)
2026-05-14 13:04:18,291 | INFO | -----------    | ------------ -------------------- ------- | -------    (task_runner.py:541)
2026-05-14 13:04:18,291 | INFO | Pinecone-pinecone_serverless_scalar_label_filter_0_1p_ids_only_concurrent_qps_c4_30s_20260514 | Performance  LAION-LARGE-100M       0.999 | pinecone_serverless_scalar_label_filter_0_1p_ids_only_concurrent_qps_c4_30s_20260514 (task_runner.py:541)
2026-05-14 13:04:18,292 | [92mINFO[0m: [92mtask submitted: id=180cc3dd7c814a00a0def588a0713d16, pinecone_serverless_scalar_label_filter_0_1p_ids_only_concurrent_qps_c4_30s_20260514, case number: 1[0m (interface.py:248) (1321766)
2026-05-14 13:04:18,802 | [92mINFO[0m: [92m[1/1] start case: {'label': <CaseLabel.Performance: 2>, 'name': 'Cloud Payload Search - ids_only - LAION 100M (768dim)', 'dataset': {'data': {'name': 'LAION', 'size': 100000000, 'dim': 768, 'metric_type': <MetricType.L2: 'L2'>}}, 'db': 'Pinecone-pinecone_serverless_scalar_label_filter_0_1p_ids_only_concurrent_qps_c4_30s_20260514'}, drop_old=False[0m (interface.py:178) (1321776)
2026-05-14 13:04:18,802 | [92mINFO[0m: [92mStarting run[0m (task_runner.py:180) (1321776)
2026-05-14 13:04:19,331 | [92mINFO[0m: [92mRead the entire file into memory: scalar_labels.parquet[0m (dataset.py:400) (1321776)
2026-05-14 13:04:19,637 | [92mINFO[0m: [92mRead the entire file into memory: test.parquet[0m (dataset.py:400) (1321776)
2026-05-14 13:04:19,684 | [92mINFO[0m: [92mRead the entire file into memory: neighbors_labels_label_0.1p.parquet[0m (dataset.py:400) (1321776)
2026-05-14 13:04:19,720 | [92mINFO[0m: [92mStart performance case[0m (task_runner.py:229) (1321776)
2026-05-14 13:04:20,236 | [92mINFO[0m: [92mStart search 30s in concurrency 4, filters: type=<FilterOp.StrEqual: 'Label'> filter_rate=0.999 label_field='labels' label_percentage=0.001[0m (mp_runner.py:152) (1321776)
2026-05-14 13:04:24,256 | [92mINFO[0m: [92mSyncing all process and start concurrency search, concurrency=4[0m (mp_runner.py:159) (1321776)
2026-05-14 13:04:48,274 | [93mWARNING[0m: [93mVectorDB search_embedding error: (429)
Reason: Too Many Requests
HTTP response headers: HTTPHeaderDict({'Date': 'Thu, 14 May 2026 13:04:48 GMT', 'Content-Type': 'application/json', 'Content-Length': '345', 'Connection': 'keep-alive', 'x-pinecone-request-latency-ms': '1', 'x-envoy-upstream-service-time': '2', 'x-pinecone-response-duration-ms': '3', 'server': 'envoy'})
HTTP response body: {"code":8,"message":"Request failed. You've reached the query read units per second limit for index vdbbench-laion-100m-768d-l2 (2000 read units per second). Pace your queries, consider Dedicated Read Nodes for your index, or contact Pinecone Support (https://app.pinecone.io/organizations/-/settings/support/ticket) for guidance.","details":[]}
[0m (mp_runner.py:112) (1321839)
2026-05-14 13:04:54,456 | [92mINFO[0m: [92mSpawnProcess-1:4 search 30s: actual_dur=30.0053s, count=34, qps in this process: 1.1331[0m (mp_runner.py:124) (1321839)
2026-05-14 13:04:54,613 | [92mINFO[0m: [92mSpawnProcess-1:5 search 30s: actual_dur=30.1071s, count=38, qps in this process: 1.2622[0m (mp_runner.py:124) (1321840)
2026-05-14 13:04:55,588 | [92mINFO[0m: [92mSpawnProcess-1:2 search 30s: actual_dur=31.1227s, count=42, qps in this process: 1.3495[0m (mp_runner.py:124) (1321835)
2026-05-14 13:04:56,166 | [92mINFO[0m: [92mSpawnProcess-1:3 search 30s: actual_dur=31.7149s, count=38, qps in this process: 1.1982[0m (mp_runner.py:124) (1321838)
2026-05-14 13:04:56,167 | [92mINFO[0m: [92mEnd search in concurrency 4: dur=31.910369787947275s, total_count=152, qps=4.7633[0m (mp_runner.py:175) (1321776)
2026-05-14 13:04:56,438 | [92mINFO[0m: [92mUpdate largest qps with concurrency 4: current max_qps=4.7633[0m (mp_runner.py:179) (1321776)
2026-05-14 13:04:56,439 | [92mINFO[0m: [92mPerformance case got result: Metric(max_load_count=0, insert_duration=0.0, optimize_duration=0.0, load_duration=0.0, qps=4.7633, serial_latency_p99=0.0, serial_latency_p95=0.0, recall=0.0, ndcg=0.0, conc_num_list=[4], conc_qps_list=[4.7633], conc_latency_p99_list=[np.float64(3.3792415362747894)], conc_latency_p95_list=[np.float64(2.6086206037783994)], conc_latency_avg_list=[np.float64(0.7753855663322611)], payload_profile='ids_only', payload_estimated_bytes_per_query=2000, inserted_count=0, insert_rows_per_second=0.0, insert_completion_seconds=0.0, searchable_after_insert_seconds=0.0, indexed_after_searchable_seconds=0.0, additional_parameters={}, st_ideal_insert_duration=0, st_search_stage_list=[], st_search_time_list=[], st_max_qps_list_list=[], st_recall_list=[], st_ndcg_list=[], st_serial_latency_p99_list=[], st_serial_latency_p95_list=[], st_conc_failed_rate_list=[], st_conc_num_list_list=[], st_conc_qps_list_list=[], st_conc_latency_p99_list_list=[], st_conc_latency_p95_list_list=[], st_conc_latency_avg_list_list=[])[0m (task_runner.py:269) (1321776)
2026-05-14 13:04:56,439 | [92mINFO[0m: [92m[1/1] finish case: {'label': <CaseLabel.Performance: 2>, 'name': 'Cloud Payload Search - ids_only - LAION 100M (768dim)', 'dataset': {'data': {'name': 'LAION', 'size': 100000000, 'dim': 768, 'metric_type': <MetricType.L2: 'L2'>}}, 'db': 'Pinecone-pinecone_serverless_scalar_label_filter_0_1p_ids_only_concurrent_qps_c4_30s_20260514'}, result=Metric(max_load_count=0, insert_duration=0.0, optimize_duration=0.0, load_duration=0.0, qps=4.7633, serial_latency_p99=0.0, serial_latency_p95=0.0, recall=0.0, ndcg=0.0, conc_num_list=[4], conc_qps_list=[4.7633], conc_latency_p99_list=[np.float64(3.3792415362747894)], conc_latency_p95_list=[np.float64(2.6086206037783994)], conc_latency_avg_list=[np.float64(0.7753855663322611)], payload_profile='ids_only', payload_estimated_bytes_per_query=2000, inserted_count=0, insert_rows_per_second=0.0, insert_completion_seconds=0.0, searchable_after_insert_seconds=0.0, indexed_after_searchable_seconds=0.0, additional_parameters={}, st_ideal_insert_duration=0, st_search_stage_list=[], st_search_time_list=[], st_max_qps_list_list=[], st_recall_list=[], st_ndcg_list=[], st_serial_latency_p99_list=[], st_serial_latency_p95_list=[], st_conc_failed_rate_list=[], st_conc_num_list_list=[], st_conc_qps_list_list=[], st_conc_latency_p99_list_list=[], st_conc_latency_p95_list_list=[], st_conc_latency_avg_list_list=[]), label=ResultLabel.NORMAL[0m (interface.py:180) (1321776)
2026-05-14 13:04:56,439 | INFO |Task summary: run_id=180cc, task_label=pinecone_serverless_scalar_label_filter_0_1p_ids_only_concurrent_qps_c4_30s_20260514 (models.py:547)
2026-05-14 13:04:56,439 | INFO |DB       | db_label                                                                                case                                                  label                                                                                | load_dur    qps        latency(p99)    latency(p95)    recall        max_load_count | label (models.py:547)
2026-05-14 13:04:56,439 | INFO |-------- | --------------------------------------------------------------------------------------- ----------------------------------------------------- ------------------------------------------------------------------------------------ | ----------- ---------- --------------- --------------- ------------- -------------- | ----- (models.py:547)
2026-05-14 13:04:56,439 | INFO |Pinecone | pinecone_serverless_scalar_label_filter_0_1p_ids_only_concurrent_qps_c4_30s_20260514    Cloud Payload Search - ids_only - LAION 100M (768dim) pinecone_serverless_scalar_label_filter_0_1p_ids_only_concurrent_qps_c4_30s_20260514 | 0.0         4.7633     0.0             0.0             0.0           0              | :)    (models.py:547)
2026-05-14 13:04:56,439 | [92mINFO[0m: [92mwrite results to disk /home/ubuntu/vdbbenchleadboard2/VectorDBBench/vectordb_bench/results/Pinecone/result_20260514_pinecone_serverless_scalar_label_filter_0_1p_ids_only_concurrent_qps_c4_30s_20260514_pinecone.json[0m (models.py:377) (1321776)
2026-05-14 13:04:56,440 | [92mINFO[0m: [92mSuccess to finish task: label=pinecone_serverless_scalar_label_filter_0_1p_ids_only_concurrent_qps_c4_30s_20260514, run_id=180cc3dd7c814a00a0def588a0713d16[0m (interface.py:219) (1321776)
